{"/home/travis/build/npmtest/node-npmtest-axon/test.js":{"path":"/home/travis/build/npmtest/node-npmtest-axon/test.js","s":{"1":2,"2":2,"3":2,"4":2,"5":2,"6":2,"7":2,"8":1,"9":2,"10":2,"11":1,"12":1,"13":1,"14":1,"15":2,"16":2,"17":2,"18":2,"19":1,"20":1,"21":2,"22":2,"23":2,"24":1,"25":1,"26":1,"27":1,"28":1,"29":1,"30":1,"31":1,"32":1,"33":1,"34":1,"35":1,"36":1,"37":2,"38":2,"39":1,"40":2,"41":2,"42":1,"43":2,"44":2,"45":1,"46":2,"47":2,"48":1,"49":1,"50":1,"51":1,"52":1},"b":{"1":[2,1,1,1],"2":[1,1,1,1],"3":[1,1],"4":[1,1],"5":[1,1],"6":[1,1],"7":[1,1],"8":[1,1],"9":[1,1,1],"10":[1,1],"11":[1,1],"12":[1,1],"13":[1,1],"14":[1,1],"15":[1,1],"16":[1,1]},"f":{"1":2,"2":2,"3":2,"4":2,"5":2,"6":1,"7":1,"8":2,"9":2,"10":2,"11":2,"12":1},"fnMap":{"1":{"name":"(anonymous_1)","line":12,"loc":{"start":{"line":12,"column":1},"end":{"line":12,"column":13}}},"2":{"name":"(anonymous_2)","line":19,"loc":{"start":{"line":19,"column":5},"end":{"line":19,"column":17}}},"3":{"name":"(anonymous_3)","line":23,"loc":{"start":{"line":23,"column":24},"end":{"line":23,"column":36}}},"4":{"name":"(anonymous_4)","line":61,"loc":{"start":{"line":61,"column":5},"end":{"line":61,"column":17}}},"5":{"name":"(anonymous_5)","line":82,"loc":{"start":{"line":82,"column":5},"end":{"line":82,"column":17}}},"6":{"name":"(anonymous_6)","line":102,"loc":{"start":{"line":102,"column":83},"end":{"line":105,"column":10}},"skip":true},"7":{"name":"(anonymous_7)","line":113,"loc":{"start":{"line":113,"column":77},"end":{"line":116,"column":10}},"skip":true},"8":{"name":"(anonymous_8)","line":129,"loc":{"start":{"line":129,"column":12},"end":{"line":129,"column":40}},"skip":true},"9":{"name":"(anonymous_9)","line":137,"loc":{"start":{"line":137,"column":77},"end":{"line":140,"column":10}},"skip":true},"10":{"name":"(anonymous_10)","line":148,"loc":{"start":{"line":148,"column":83},"end":{"line":151,"column":10}},"skip":true},"11":{"name":"(anonymous_11)","line":159,"loc":{"start":{"line":159,"column":79},"end":{"line":162,"column":10}},"skip":true},"12":{"name":"(anonymous_12)","line":170,"loc":{"start":{"line":170,"column":75},"end":{"line":173,"column":10}},"skip":true}},"statementMap":{"1":{"start":{"line":12,"column":0},"end":{"line":185,"column":5}},"2":{"start":{"line":14,"column":4},"end":{"line":14,"column":14}},"3":{"start":{"line":19,"column":4},"end":{"line":56,"column":9}},"4":{"start":{"line":21,"column":8},"end":{"line":21,"column":19}},"5":{"start":{"line":23,"column":8},"end":{"line":35,"column":13}},"6":{"start":{"line":24,"column":12},"end":{"line":34,"column":13}},"7":{"start":{"line":25,"column":16},"end":{"line":28,"column":30}},"8":{"start":{"line":30,"column":16},"end":{"line":33,"column":27}},"9":{"start":{"line":37,"column":8},"end":{"line":39,"column":21}},"10":{"start":{"line":40,"column":8},"end":{"line":53,"column":9}},"11":{"start":{"line":43,"column":12},"end":{"line":46,"column":14}},"12":{"start":{"line":47,"column":12},"end":{"line":47,"column":18}},"13":{"start":{"line":50,"column":12},"end":{"line":51,"column":46}},"14":{"start":{"line":52,"column":12},"end":{"line":52,"column":18}},"15":{"start":{"line":55,"column":8},"end":{"line":55,"column":35}},"16":{"start":{"line":61,"column":4},"end":{"line":63,"column":9}},"17":{"start":{"line":62,"column":8},"end":{"line":62,"column":15}},"18":{"start":{"line":64,"column":4},"end":{"line":77,"column":5}},"19":{"start":{"line":70,"column":8},"end":{"line":70,"column":14}},"20":{"start":{"line":76,"column":8},"end":{"line":76,"column":14}},"21":{"start":{"line":82,"column":4},"end":{"line":84,"column":9}},"22":{"start":{"line":83,"column":8},"end":{"line":83,"column":15}},"23":{"start":{"line":85,"column":4},"end":{"line":184,"column":5}},"24":{"start":{"line":92,"column":8},"end":{"line":94,"column":63}},"25":{"start":{"line":95,"column":8},"end":{"line":95,"column":14}},"26":{"start":{"line":102,"column":8},"end":{"line":111,"column":10},"skip":true},"27":{"start":{"line":109,"column":12},"end":{"line":109,"column":55},"skip":true},"28":{"start":{"line":110,"column":12},"end":{"line":110,"column":48},"skip":true},"29":{"start":{"line":113,"column":8},"end":{"line":126,"column":10},"skip":true},"30":{"start":{"line":120,"column":12},"end":{"line":120,"column":76},"skip":true},"31":{"start":{"line":121,"column":12},"end":{"line":121,"column":73},"skip":true},"32":{"start":{"line":122,"column":12},"end":{"line":122,"column":74},"skip":true},"33":{"start":{"line":123,"column":12},"end":{"line":123,"column":79},"skip":true},"34":{"start":{"line":124,"column":12},"end":{"line":124,"column":25},"skip":true},"35":{"start":{"line":125,"column":12},"end":{"line":125,"column":45},"skip":true},"36":{"start":{"line":128,"column":8},"end":{"line":135,"column":14},"skip":true},"37":{"start":{"line":133,"column":16},"end":{"line":133,"column":29},"skip":true},"38":{"start":{"line":134,"column":16},"end":{"line":134,"column":55},"skip":true},"39":{"start":{"line":137,"column":8},"end":{"line":146,"column":10},"skip":true},"40":{"start":{"line":144,"column":12},"end":{"line":144,"column":25},"skip":true},"41":{"start":{"line":145,"column":12},"end":{"line":145,"column":45},"skip":true},"42":{"start":{"line":148,"column":8},"end":{"line":157,"column":10},"skip":true},"43":{"start":{"line":155,"column":12},"end":{"line":155,"column":25},"skip":true},"44":{"start":{"line":156,"column":12},"end":{"line":156,"column":48},"skip":true},"45":{"start":{"line":159,"column":8},"end":{"line":168,"column":10},"skip":true},"46":{"start":{"line":166,"column":12},"end":{"line":166,"column":25},"skip":true},"47":{"start":{"line":167,"column":12},"end":{"line":167,"column":46},"skip":true},"48":{"start":{"line":170,"column":8},"end":{"line":179,"column":10},"skip":true},"49":{"start":{"line":177,"column":12},"end":{"line":177,"column":94},"skip":true},"50":{"start":{"line":178,"column":12},"end":{"line":178,"column":48},"skip":true},"51":{"start":{"line":182,"column":8},"end":{"line":182,"column":35},"skip":true},"52":{"start":{"line":183,"column":8},"end":{"line":183,"column":14},"skip":true}},"branchMap":{"1":{"line":25,"type":"binary-expr","locations":[{"start":{"line":25,"column":23},"end":{"line":25,"column":62}},{"start":{"line":26,"column":20},"end":{"line":26,"column":70}},{"start":{"line":27,"column":20},"end":{"line":27,"column":71}},{"start":{"line":28,"column":20},"end":{"line":28,"column":29}}]},"2":{"line":30,"type":"binary-expr","locations":[{"start":{"line":30,"column":23},"end":{"line":30,"column":37}},{"start":{"line":31,"column":20},"end":{"line":31,"column":61}},{"start":{"line":32,"column":20},"end":{"line":32,"column":70}},{"start":{"line":33,"column":20},"end":{"line":33,"column":26}}]},"3":{"line":37,"type":"cond-expr","locations":[{"start":{"line":38,"column":14},"end":{"line":38,"column":20}},{"start":{"line":39,"column":14},"end":{"line":39,"column":20}}]},"4":{"line":40,"type":"switch","locations":[{"start":{"line":42,"column":8},"end":{"line":47,"column":18}},{"start":{"line":49,"column":8},"end":{"line":52,"column":18}}]},"5":{"line":44,"type":"binary-expr","locations":[{"start":{"line":44,"column":16},"end":{"line":44,"column":44}},{"start":{"line":44,"column":48},"end":{"line":44,"column":66}}]},"6":{"line":50,"type":"binary-expr","locations":[{"start":{"line":50,"column":21},"end":{"line":50,"column":49}},{"start":{"line":50,"column":53},"end":{"line":50,"column":72}}]},"7":{"line":64,"type":"switch","locations":[{"start":{"line":69,"column":4},"end":{"line":70,"column":14}},{"start":{"line":75,"column":4},"end":{"line":76,"column":14}}]},"8":{"line":85,"type":"switch","locations":[{"start":{"line":90,"column":4},"end":{"line":95,"column":14}},{"start":{"line":101,"column":4},"end":{"line":183,"column":14},"skip":true}]},"9":{"line":92,"type":"binary-expr","locations":[{"start":{"line":92,"column":18},"end":{"line":92,"column":32}},{"start":{"line":93,"column":12},"end":{"line":93,"column":53}},{"start":{"line":94,"column":12},"end":{"line":94,"column":61}}]},"10":{"line":102,"type":"binary-expr","locations":[{"start":{"line":102,"column":45},"end":{"line":102,"column":79},"skip":true},{"start":{"line":102,"column":83},"end":{"line":111,"column":9},"skip":true}]},"11":{"line":113,"type":"binary-expr","locations":[{"start":{"line":113,"column":42},"end":{"line":113,"column":73},"skip":true},{"start":{"line":113,"column":77},"end":{"line":126,"column":9},"skip":true}]},"12":{"line":128,"type":"binary-expr","locations":[{"start":{"line":128,"column":48},"end":{"line":128,"column":85},"skip":true},{"start":{"line":129,"column":12},"end":{"line":135,"column":13},"skip":true}]},"13":{"line":137,"type":"binary-expr","locations":[{"start":{"line":137,"column":42},"end":{"line":137,"column":73},"skip":true},{"start":{"line":137,"column":77},"end":{"line":146,"column":9},"skip":true}]},"14":{"line":148,"type":"binary-expr","locations":[{"start":{"line":148,"column":45},"end":{"line":148,"column":79},"skip":true},{"start":{"line":148,"column":83},"end":{"line":157,"column":9},"skip":true}]},"15":{"line":159,"type":"binary-expr","locations":[{"start":{"line":159,"column":43},"end":{"line":159,"column":75},"skip":true},{"start":{"line":159,"column":79},"end":{"line":168,"column":9},"skip":true}]},"16":{"line":170,"type":"binary-expr","locations":[{"start":{"line":170,"column":41},"end":{"line":170,"column":71},"skip":true},{"start":{"line":170,"column":75},"end":{"line":179,"column":9},"skip":true}]}},"code":["/* istanbul instrument in package npmtest_axon */","/*jslint","    bitwise: true,","    browser: true,","    maxerr: 8,","    maxlen: 96,","    node: true,","    nomen: true,","    regexp: true,","    stupid: true","*/","(function () {","    'use strict';","    var local;","","","","    // run shared js-env code - pre-init","    (function () {","        // init local","        local = {};","        // init modeJs","        local.modeJs = (function () {","            try {","                return typeof navigator.userAgent === 'string' &&","                    typeof document.querySelector('body') === 'object' &&","                    typeof XMLHttpRequest.prototype.open === 'function' &&","                    'browser';","            } catch (errorCaughtBrowser) {","                return module.exports &&","                    typeof process.versions.node === 'string' &&","                    typeof require('http').createServer === 'function' &&","                    'node';","            }","        }());","        // init global","        local.global = local.modeJs === 'browser'","            ? window","            : global;","        switch (local.modeJs) {","        // re-init local from window.local","        case 'browser':","            local = local.global.utility2.objectSetDefault(","                local.global.utility2_rollup || local.global.local,","                local.global.utility2","            );","            break;","        // re-init local from example.js","        case 'node':","            local = (local.global.utility2_rollup || require('utility2'))","                .requireExampleJsFromReadme();","            break;","        }","        // export local","        local.global.local = local;","    }());","","","","    // run shared js-env code - function","    (function () {","        return;","    }());","    switch (local.modeJs) {","","","","    // run browser js-env code - function","    case 'browser':","        break;","","","","    // run node js-env code - function","    case 'node':","        break;","    }","","","","    // run shared js-env code - post-init","    (function () {","        return;","    }());","    switch (local.modeJs) {","","","","    // run browser js-env code - post-init","    case 'browser':","        // run tests","        local.nop(local.modeTest &&","            document.querySelector('#testRunButton1') &&","            document.querySelector('#testRunButton1').click());","        break;","","","","    // run node js-env code - post-init","    /* istanbul ignore next */","    case 'node':","        local.testCase_buildApidoc_default = local.testCase_buildApidoc_default || function (","            options,","            onError","        ) {","        /*","         * this function will test buildApidoc's default handling-behavior-behavior","         */","            options = { modulePathList: module.paths };","            local.buildApidoc(options, onError);","        };","","        local.testCase_buildApp_default = local.testCase_buildApp_default || function (","            options,","            onError","        ) {","        /*","         * this function will test buildApp's default handling-behavior-behavior","         */","            local.testCase_buildReadme_default(options, local.onErrorThrow);","            local.testCase_buildLib_default(options, local.onErrorThrow);","            local.testCase_buildTest_default(options, local.onErrorThrow);","            local.testCase_buildCustomOrg_default(options, local.onErrorThrow);","            options = [];","            local.buildApp(options, onError);","        };","","        local.testCase_buildCustomOrg_default = local.testCase_buildCustomOrg_default ||","            function (options, onError) {","            /*","             * this function will test buildCustomOrg's default handling-behavior","             */","                options = {};","                local.buildCustomOrg(options, onError);","            };","","        local.testCase_buildLib_default = local.testCase_buildLib_default || function (","            options,","            onError","        ) {","        /*","         * this function will test buildLib's default handling-behavior","         */","            options = {};","            local.buildLib(options, onError);","        };","","        local.testCase_buildReadme_default = local.testCase_buildReadme_default || function (","            options,","            onError","        ) {","        /*","         * this function will test buildReadme's default handling-behavior-behavior","         */","            options = {};","            local.buildReadme(options, onError);","        };","","        local.testCase_buildTest_default = local.testCase_buildTest_default || function (","            options,","            onError","        ) {","        /*","         * this function will test buildTest's default handling-behavior","         */","            options = {};","            local.buildTest(options, onError);","        };","","        local.testCase_webpage_default = local.testCase_webpage_default || function (","            options,","            onError","        ) {","        /*","         * this function will test webpage's default handling-behavior","         */","            options = { modeCoverageMerge: true, url: local.serverLocalHost + '?modeTest=1' };","            local.browserTest(options, onError);","        };","","        // run test-server","        local.testRunServer(local);","        break;","    }","}());",""],"l":{"12":2,"14":2,"19":2,"21":2,"23":2,"24":2,"25":2,"30":1,"37":2,"40":2,"43":1,"47":1,"50":1,"52":1,"55":2,"61":2,"62":2,"64":2,"70":1,"76":1,"82":2,"83":2,"85":2,"92":1,"95":1,"102":1,"109":1,"110":1,"113":1,"120":1,"121":1,"122":1,"123":1,"124":1,"125":1,"128":1,"133":2,"134":2,"137":1,"144":2,"145":2,"148":1,"155":2,"156":2,"159":1,"166":2,"167":2,"170":1,"177":1,"178":1,"182":1,"183":1}},"/home/travis/build/npmtest/node-npmtest-axon/lib.npmtest_axon.js":{"path":"/home/travis/build/npmtest/node-npmtest-axon/lib.npmtest_axon.js","s":{"1":2,"2":2,"3":2,"4":2,"5":2,"6":2,"7":2,"8":1,"9":2,"10":2,"11":2,"12":2,"13":1,"14":1,"15":1,"16":1},"b":{"1":[2,1,1,1],"2":[1,1,1,1],"3":[1,1],"4":[2,2],"5":[1,1]},"f":{"1":2,"2":2,"3":2},"fnMap":{"1":{"name":"(anonymous_1)","line":12,"loc":{"start":{"line":12,"column":1},"end":{"line":12,"column":13}}},"2":{"name":"(anonymous_2)","line":19,"loc":{"start":{"line":19,"column":5},"end":{"line":19,"column":17}}},"3":{"name":"(anonymous_3)","line":23,"loc":{"start":{"line":23,"column":24},"end":{"line":23,"column":36}}}},"statementMap":{"1":{"start":{"line":12,"column":0},"end":{"line":53,"column":5}},"2":{"start":{"line":14,"column":4},"end":{"line":14,"column":14}},"3":{"start":{"line":19,"column":4},"end":{"line":52,"column":9}},"4":{"start":{"line":21,"column":8},"end":{"line":21,"column":19}},"5":{"start":{"line":23,"column":8},"end":{"line":35,"column":13}},"6":{"start":{"line":24,"column":12},"end":{"line":34,"column":13}},"7":{"start":{"line":25,"column":16},"end":{"line":28,"column":30}},"8":{"start":{"line":30,"column":16},"end":{"line":33,"column":27}},"9":{"start":{"line":37,"column":8},"end":{"line":39,"column":21}},"10":{"start":{"line":41,"column":8},"end":{"line":41,"column":54}},"11":{"start":{"line":43,"column":8},"end":{"line":43,"column":49}},"12":{"start":{"line":45,"column":8},"end":{"line":51,"column":9}},"13":{"start":{"line":46,"column":12},"end":{"line":46,"column":55}},"14":{"start":{"line":48,"column":12},"end":{"line":48,"column":35}},"15":{"start":{"line":49,"column":12},"end":{"line":49,"column":49}},"16":{"start":{"line":50,"column":12},"end":{"line":50,"column":43}}},"branchMap":{"1":{"line":25,"type":"binary-expr","locations":[{"start":{"line":25,"column":23},"end":{"line":25,"column":62}},{"start":{"line":26,"column":20},"end":{"line":26,"column":70}},{"start":{"line":27,"column":20},"end":{"line":27,"column":71}},{"start":{"line":28,"column":20},"end":{"line":28,"column":29}}]},"2":{"line":30,"type":"binary-expr","locations":[{"start":{"line":30,"column":23},"end":{"line":30,"column":37}},{"start":{"line":31,"column":20},"end":{"line":31,"column":61}},{"start":{"line":32,"column":20},"end":{"line":32,"column":70}},{"start":{"line":33,"column":20},"end":{"line":33,"column":26}}]},"3":{"line":37,"type":"cond-expr","locations":[{"start":{"line":38,"column":14},"end":{"line":38,"column":20}},{"start":{"line":39,"column":14},"end":{"line":39,"column":20}}]},"4":{"line":41,"type":"binary-expr","locations":[{"start":{"line":41,"column":16},"end":{"line":41,"column":44}},{"start":{"line":41,"column":48},"end":{"line":41,"column":53}}]},"5":{"line":45,"type":"if","locations":[{"start":{"line":45,"column":8},"end":{"line":45,"column":8}},{"start":{"line":45,"column":8},"end":{"line":45,"column":8}}]}},"code":["/* istanbul instrument in package npmtest_axon */","/*jslint","    bitwise: true,","    browser: true,","    maxerr: 8,","    maxlen: 96,","    node: true,","    nomen: true,","    regexp: true,","    stupid: true","*/","(function () {","    'use strict';","    var local;","","","","    // run shared js-env code - pre-init","    (function () {","        // init local","        local = {};","        // init modeJs","        local.modeJs = (function () {","            try {","                return typeof navigator.userAgent === 'string' &&","                    typeof document.querySelector('body') === 'object' &&","                    typeof XMLHttpRequest.prototype.open === 'function' &&","                    'browser';","            } catch (errorCaughtBrowser) {","                return module.exports &&","                    typeof process.versions.node === 'string' &&","                    typeof require('http').createServer === 'function' &&","                    'node';","            }","        }());","        // init global","        local.global = local.modeJs === 'browser'","            ? window","            : global;","        // init utility2_rollup","        local = local.global.utility2_rollup || local;","        // init lib","        local.local = local.npmtest_axon = local;","        // init exports","        if (local.modeJs === 'browser') {","            local.global.utility2_npmtest_axon = local;","        } else {","            module.exports = local;","            module.exports.__dirname = __dirname;","            module.exports.module = module;","        }","    }());","}());",""],"l":{"12":2,"14":2,"19":2,"21":2,"23":2,"24":2,"25":2,"30":1,"37":2,"41":2,"43":2,"45":2,"46":1,"48":1,"49":1,"50":1}},"/home/travis/build/npmtest/node-npmtest-axon/example.js":{"path":"/home/travis/build/npmtest/node-npmtest-axon/example.js","s":{"1":2,"2":2,"3":2,"4":2,"5":2,"6":2,"7":2,"8":1,"9":2,"10":2,"11":2,"12":2,"13":1,"14":2,"15":2,"16":2,"17":2,"18":2,"19":0,"20":2,"21":1,"22":1,"23":1,"24":1,"25":1,"26":0,"27":0,"28":1,"29":1,"30":2,"31":0,"32":0,"33":0,"34":1,"35":2,"36":2,"37":2,"38":2,"39":2,"40":2,"41":0,"42":2,"43":2,"44":2,"45":1,"46":3,"47":1,"48":1,"49":1,"50":1,"51":1,"52":1,"53":1,"54":1,"55":1,"56":1,"57":0,"58":1,"59":6,"60":6,"61":1,"62":2,"63":0,"64":2,"65":1,"66":1,"67":0,"68":0,"69":0,"70":0,"71":0,"72":0,"73":0,"74":0,"75":0,"76":0,"77":0,"78":0,"79":0,"80":0,"81":0,"82":0,"83":0},"b":{"1":[2,1,1,1],"2":[1,1,1,1],"3":[1,1],"4":[2,2],"5":[1,1],"6":[1,1],"7":[2,0],"8":[2,1,1,1,1,1],"9":[0,2,0],"10":[1,1],"11":[2,1,1],"12":[1,0],"13":[0,2],"14":[2,0,0,0,0,0,0],"15":[0,2],"16":[2,0],"17":[1,1],"18":[0,1],"19":[1,2,0,2],"20":[1,0],"21":[1,1],"22":[0,0],"23":[0,0],"24":[0,0],"25":[0,0],"26":[0,0],"27":[0,0],"28":[0,0]},"f":{"1":2,"2":2,"3":2,"4":2,"5":2,"6":2,"7":2,"8":2,"9":3,"10":1,"11":6,"12":0},"fnMap":{"1":{"name":"(anonymous_1)","line":26,"loc":{"start":{"line":26,"column":1},"end":{"line":26,"column":13}}},"2":{"name":"(anonymous_2)","line":33,"loc":{"start":{"line":33,"column":5},"end":{"line":33,"column":17}}},"3":{"name":"(anonymous_3)","line":37,"loc":{"start":{"line":37,"column":24},"end":{"line":37,"column":36}}},"4":{"name":"(anonymous_4)","line":69,"loc":{"start":{"line":69,"column":31},"end":{"line":69,"column":48}},"skip":true},"5":{"name":"(anonymous_5)","line":78,"loc":{"start":{"line":78,"column":26},"end":{"line":78,"column":45}},"skip":true},"6":{"name":"(anonymous_6)","line":123,"loc":{"start":{"line":123,"column":33},"end":{"line":123,"column":48}},"skip":true},"7":{"name":"(anonymous_7)","line":125,"loc":{"start":{"line":125,"column":27},"end":{"line":125,"column":39}},"skip":true},"8":{"name":"(anonymous_8)","line":133,"loc":{"start":{"line":133,"column":59},"end":{"line":133,"column":74}},"skip":true},"9":{"name":"(anonymous_9)","line":143,"loc":{"start":{"line":143,"column":45},"end":{"line":143,"column":62}},"skip":true},"10":{"name":"(anonymous_10)","line":144,"loc":{"start":{"line":144,"column":73},"end":{"line":144,"column":92}},"skip":true},"11":{"name":"(anonymous_11)","line":272,"loc":{"start":{"line":272,"column":51},"end":{"line":272,"column":77}},"skip":true},"12":{"name":"(anonymous_12)","line":314,"loc":{"start":{"line":314,"column":32},"end":{"line":314,"column":61}},"skip":true}},"statementMap":{"1":{"start":{"line":26,"column":0},"end":{"line":325,"column":5}},"2":{"start":{"line":28,"column":4},"end":{"line":28,"column":14}},"3":{"start":{"line":33,"column":4},"end":{"line":60,"column":9}},"4":{"start":{"line":35,"column":8},"end":{"line":35,"column":19}},"5":{"start":{"line":37,"column":8},"end":{"line":49,"column":13}},"6":{"start":{"line":38,"column":12},"end":{"line":48,"column":13}},"7":{"start":{"line":39,"column":16},"end":{"line":42,"column":30}},"8":{"start":{"line":44,"column":16},"end":{"line":47,"column":27}},"9":{"start":{"line":51,"column":8},"end":{"line":53,"column":21}},"10":{"start":{"line":55,"column":8},"end":{"line":57,"column":45}},"11":{"start":{"line":59,"column":8},"end":{"line":59,"column":35}},"12":{"start":{"line":61,"column":4},"end":{"line":324,"column":5}},"13":{"start":{"line":69,"column":8},"end":{"line":121,"column":10},"skip":true},"14":{"start":{"line":70,"column":12},"end":{"line":88,"column":13},"skip":true},"15":{"start":{"line":76,"column":16},"end":{"line":87,"column":19},"skip":true},"16":{"start":{"line":79,"column":20},"end":{"line":86,"column":21},"skip":true},"17":{"start":{"line":82,"column":24},"end":{"line":82,"column":43},"skip":true},"18":{"start":{"line":83,"column":24},"end":{"line":83,"column":30},"skip":true},"19":{"start":{"line":85,"column":24},"end":{"line":85,"column":49},"skip":true},"20":{"start":{"line":89,"column":12},"end":{"line":107,"column":13},"skip":true},"21":{"start":{"line":92,"column":16},"end":{"line":102,"column":17},"skip":true},"22":{"start":{"line":93,"column":20},"end":{"line":93,"column":86},"skip":true},"23":{"start":{"line":94,"column":20},"end":{"line":95,"column":45},"skip":true},"24":{"start":{"line":96,"column":20},"end":{"line":96,"column":42},"skip":true},"25":{"start":{"line":97,"column":20},"end":{"line":97,"column":48},"skip":true},"26":{"start":{"line":100,"column":20},"end":{"line":100,"column":85},"skip":true},"27":{"start":{"line":101,"column":20},"end":{"line":101,"column":96},"skip":true},"28":{"start":{"line":103,"column":16},"end":{"line":103,"column":22},"skip":true},"29":{"start":{"line":106,"column":16},"end":{"line":106,"column":22},"skip":true},"30":{"start":{"line":108,"column":12},"end":{"line":120,"column":13},"skip":true},"31":{"start":{"line":114,"column":16},"end":{"line":119,"column":17},"skip":true},"32":{"start":{"line":116,"column":20},"end":{"line":116,"column":78},"skip":true},"33":{"start":{"line":118,"column":20},"end":{"line":118,"column":47},"skip":true},"34":{"start":{"line":123,"column":8},"end":{"line":141,"column":11},"skip":true},"35":{"start":{"line":124,"column":12},"end":{"line":124,"column":54},"skip":true},"36":{"start":{"line":125,"column":12},"end":{"line":140,"column":14},"skip":true},"37":{"start":{"line":126,"column":16},"end":{"line":126,"column":28},"skip":true},"38":{"start":{"line":127,"column":16},"end":{"line":127,"column":69},"skip":true},"39":{"start":{"line":128,"column":16},"end":{"line":128,"column":75},"skip":true},"40":{"start":{"line":129,"column":16},"end":{"line":131,"column":17},"skip":true},"41":{"start":{"line":130,"column":20},"end":{"line":130,"column":27},"skip":true},"42":{"start":{"line":133,"column":16},"end":{"line":137,"column":36},"skip":true},"43":{"start":{"line":134,"column":20},"end":{"line":136,"column":55},"skip":true},"44":{"start":{"line":139,"column":16},"end":{"line":139,"column":57},"skip":true},"45":{"start":{"line":143,"column":8},"end":{"line":147,"column":11},"skip":true},"46":{"start":{"line":144,"column":12},"end":{"line":146,"column":15},"skip":true},"47":{"start":{"line":145,"column":16},"end":{"line":145,"column":70},"skip":true},"48":{"start":{"line":149,"column":8},"end":{"line":149,"column":31},"skip":true},"49":{"start":{"line":150,"column":8},"end":{"line":150,"column":14},"skip":true},"50":{"start":{"line":158,"column":8},"end":{"line":158,"column":31},"skip":true},"51":{"start":{"line":160,"column":8},"end":{"line":160,"column":33},"skip":true},"52":{"start":{"line":161,"column":8},"end":{"line":161,"column":37},"skip":true},"53":{"start":{"line":162,"column":8},"end":{"line":162,"column":35},"skip":true},"54":{"start":{"line":164,"column":8},"end":{"line":164,"column":50},"skip":true},"55":{"start":{"line":166,"column":8},"end":{"line":256,"column":2},"skip":true},"56":{"start":{"line":258,"column":8},"end":{"line":286,"column":9},"skip":true},"57":{"start":{"line":259,"column":12},"end":{"line":269,"column":14},"skip":true},"58":{"start":{"line":271,"column":12},"end":{"line":285,"column":19},"skip":true},"59":{"start":{"line":274,"column":20},"end":{"line":274,"column":35},"skip":true},"60":{"start":{"line":275,"column":20},"end":{"line":284,"column":21},"skip":true},"61":{"start":{"line":277,"column":24},"end":{"line":277,"column":64},"skip":true},"62":{"start":{"line":279,"column":24},"end":{"line":279,"column":40},"skip":true},"63":{"start":{"line":281,"column":24},"end":{"line":281,"column":40},"skip":true},"64":{"start":{"line":283,"column":24},"end":{"line":283,"column":39},"skip":true},"65":{"start":{"line":288,"column":8},"end":{"line":290,"column":9},"skip":true},"66":{"start":{"line":289,"column":12},"end":{"line":289,"column":18},"skip":true},"67":{"start":{"line":291,"column":8},"end":{"line":293,"column":54},"skip":true},"68":{"start":{"line":294,"column":8},"end":{"line":301,"column":37},"skip":true},"69":{"start":{"line":302,"column":8},"end":{"line":302,"column":82},"skip":true},"70":{"start":{"line":305,"column":8},"end":{"line":307,"column":9},"skip":true},"71":{"start":{"line":306,"column":12},"end":{"line":306,"column":82},"skip":true},"72":{"start":{"line":309,"column":8},"end":{"line":311,"column":9},"skip":true},"73":{"start":{"line":310,"column":12},"end":{"line":310,"column":18},"skip":true},"74":{"start":{"line":312,"column":8},"end":{"line":312,"column":54},"skip":true},"75":{"start":{"line":313,"column":8},"end":{"line":313,"column":69},"skip":true},"76":{"start":{"line":314,"column":8},"end":{"line":322,"column":36},"skip":true},"77":{"start":{"line":315,"column":12},"end":{"line":315,"column":61},"skip":true},"78":{"start":{"line":316,"column":12},"end":{"line":319,"column":13},"skip":true},"79":{"start":{"line":317,"column":16},"end":{"line":317,"column":75},"skip":true},"80":{"start":{"line":318,"column":16},"end":{"line":318,"column":23},"skip":true},"81":{"start":{"line":320,"column":12},"end":{"line":320,"column":38},"skip":true},"82":{"start":{"line":321,"column":12},"end":{"line":321,"column":27},"skip":true},"83":{"start":{"line":323,"column":8},"end":{"line":323,"column":14},"skip":true}},"branchMap":{"1":{"line":39,"type":"binary-expr","locations":[{"start":{"line":39,"column":23},"end":{"line":39,"column":62}},{"start":{"line":40,"column":20},"end":{"line":40,"column":70}},{"start":{"line":41,"column":20},"end":{"line":41,"column":71}},{"start":{"line":42,"column":20},"end":{"line":42,"column":29}}]},"2":{"line":44,"type":"binary-expr","locations":[{"start":{"line":44,"column":23},"end":{"line":44,"column":37}},{"start":{"line":45,"column":20},"end":{"line":45,"column":61}},{"start":{"line":46,"column":20},"end":{"line":46,"column":70}},{"start":{"line":47,"column":20},"end":{"line":47,"column":26}}]},"3":{"line":51,"type":"cond-expr","locations":[{"start":{"line":52,"column":14},"end":{"line":52,"column":20}},{"start":{"line":53,"column":14},"end":{"line":53,"column":20}}]},"4":{"line":55,"type":"binary-expr","locations":[{"start":{"line":55,"column":16},"end":{"line":55,"column":44}},{"start":{"line":55,"column":49},"end":{"line":57,"column":43}}]},"5":{"line":55,"type":"cond-expr","locations":[{"start":{"line":56,"column":14},"end":{"line":56,"column":48}},{"start":{"line":57,"column":14},"end":{"line":57,"column":43}}]},"6":{"line":61,"type":"switch","locations":[{"start":{"line":68,"column":4},"end":{"line":150,"column":14},"skip":true},{"start":{"line":156,"column":4},"end":{"line":323,"column":14},"skip":true}]},"7":{"line":70,"type":"if","locations":[{"start":{"line":70,"column":12},"end":{"line":70,"column":12},"skip":true},{"start":{"line":70,"column":12},"end":{"line":70,"column":12},"skip":true}]},"8":{"line":70,"type":"binary-expr","locations":[{"start":{"line":70,"column":16},"end":{"line":70,"column":22},"skip":true},{"start":{"line":70,"column":27},"end":{"line":70,"column":32},"skip":true},{"start":{"line":71,"column":20},"end":{"line":71,"column":39},"skip":true},{"start":{"line":72,"column":20},"end":{"line":72,"column":49},"skip":true},{"start":{"line":73,"column":20},"end":{"line":73,"column":58},"skip":true},{"start":{"line":74,"column":20},"end":{"line":74,"column":69},"skip":true}]},"9":{"line":79,"type":"switch","locations":[{"start":{"line":80,"column":20},"end":{"line":80,"column":33},"skip":true},{"start":{"line":81,"column":20},"end":{"line":83,"column":30},"skip":true},{"start":{"line":84,"column":20},"end":{"line":85,"column":49},"skip":true}]},"10":{"line":89,"type":"switch","locations":[{"start":{"line":90,"column":12},"end":{"line":103,"column":22},"skip":true},{"start":{"line":105,"column":12},"end":{"line":106,"column":22},"skip":true}]},"11":{"line":89,"type":"binary-expr","locations":[{"start":{"line":89,"column":20},"end":{"line":89,"column":25},"skip":true},{"start":{"line":89,"column":29},"end":{"line":89,"column":48},"skip":true},{"start":{"line":89,"column":52},"end":{"line":89,"column":74},"skip":true}]},"12":{"line":92,"type":"if","locations":[{"start":{"line":92,"column":16},"end":{"line":92,"column":16},"skip":true},{"start":{"line":92,"column":16},"end":{"line":92,"column":16},"skip":true}]},"13":{"line":108,"type":"if","locations":[{"start":{"line":108,"column":12},"end":{"line":108,"column":12},"skip":true},{"start":{"line":108,"column":12},"end":{"line":108,"column":12},"skip":true}]},"14":{"line":108,"type":"binary-expr","locations":[{"start":{"line":108,"column":16},"end":{"line":108,"column":61},"skip":true},{"start":{"line":108,"column":66},"end":{"line":108,"column":72},"skip":true},{"start":{"line":108,"column":77},"end":{"line":108,"column":82},"skip":true},{"start":{"line":109,"column":20},"end":{"line":109,"column":39},"skip":true},{"start":{"line":110,"column":20},"end":{"line":110,"column":49},"skip":true},{"start":{"line":111,"column":20},"end":{"line":111,"column":58},"skip":true},{"start":{"line":112,"column":20},"end":{"line":112,"column":68},"skip":true}]},"15":{"line":129,"type":"if","locations":[{"start":{"line":129,"column":16},"end":{"line":129,"column":16},"skip":true},{"start":{"line":129,"column":16},"end":{"line":129,"column":16},"skip":true}]},"16":{"line":134,"type":"cond-expr","locations":[{"start":{"line":135,"column":26},"end":{"line":135,"column":29},"skip":true},{"start":{"line":136,"column":26},"end":{"line":136,"column":54},"skip":true}]},"17":{"line":164,"type":"binary-expr","locations":[{"start":{"line":164,"column":27},"end":{"line":164,"column":43},"skip":true},{"start":{"line":164,"column":47},"end":{"line":164,"column":49},"skip":true}]},"18":{"line":258,"type":"if","locations":[{"start":{"line":258,"column":8},"end":{"line":258,"column":8},"skip":true},{"start":{"line":258,"column":8},"end":{"line":258,"column":8},"skip":true}]},"19":{"line":275,"type":"switch","locations":[{"start":{"line":276,"column":20},"end":{"line":277,"column":64},"skip":true},{"start":{"line":278,"column":20},"end":{"line":279,"column":40},"skip":true},{"start":{"line":280,"column":20},"end":{"line":281,"column":40},"skip":true},{"start":{"line":282,"column":20},"end":{"line":283,"column":39},"skip":true}]},"20":{"line":288,"type":"if","locations":[{"start":{"line":288,"column":8},"end":{"line":288,"column":8},"skip":true},{"start":{"line":288,"column":8},"end":{"line":288,"column":8},"skip":true}]},"21":{"line":288,"type":"binary-expr","locations":[{"start":{"line":288,"column":12},"end":{"line":288,"column":40},"skip":true},{"start":{"line":288,"column":44},"end":{"line":288,"column":67},"skip":true}]},"22":{"line":292,"type":"binary-expr","locations":[{"start":{"line":292,"column":12},"end":{"line":292,"column":50},"skip":true},{"start":{"line":293,"column":12},"end":{"line":293,"column":53},"skip":true}]},"23":{"line":295,"type":"binary-expr","locations":[{"start":{"line":295,"column":12},"end":{"line":295,"column":62},"skip":true},{"start":{"line":296,"column":12},"end":{"line":301,"column":36},"skip":true}]},"24":{"line":302,"type":"binary-expr","locations":[{"start":{"line":302,"column":43},"end":{"line":302,"column":75},"skip":true},{"start":{"line":302,"column":79},"end":{"line":302,"column":81},"skip":true}]},"25":{"line":305,"type":"if","locations":[{"start":{"line":305,"column":8},"end":{"line":305,"column":8},"skip":true},{"start":{"line":305,"column":8},"end":{"line":305,"column":8},"skip":true}]},"26":{"line":309,"type":"if","locations":[{"start":{"line":309,"column":8},"end":{"line":309,"column":8},"skip":true},{"start":{"line":309,"column":8},"end":{"line":309,"column":8},"skip":true}]},"27":{"line":312,"type":"binary-expr","locations":[{"start":{"line":312,"column":27},"end":{"line":312,"column":43},"skip":true},{"start":{"line":312,"column":47},"end":{"line":312,"column":53},"skip":true}]},"28":{"line":316,"type":"if","locations":[{"start":{"line":316,"column":12},"end":{"line":316,"column":12},"skip":true},{"start":{"line":316,"column":12},"end":{"line":316,"column":12},"skip":true}]}},"code":["/*","example.js","","quickstart example","","instruction","    1. save this script as example.js","    2. run the shell command:","        $ npm install npmtest-axon && PORT=8081 node example.js","    3. play with the browser-demo on http://127.0.0.1:8081","*/","","","","/* istanbul instrument in package npmtest_axon */","/*jslint","    bitwise: true,","    browser: true,","    maxerr: 8,","    maxlen: 96,","    node: true,","    nomen: true,","    regexp: true,","    stupid: true","*/","(function () {","    'use strict';","    var local;","","","","    // run shared js-env code - pre-init","    (function () {","        // init local","        local = {};","        // init modeJs","        local.modeJs = (function () {","            try {","                return typeof navigator.userAgent === 'string' &&","                    typeof document.querySelector('body') === 'object' &&","                    typeof XMLHttpRequest.prototype.open === 'function' &&","                    'browser';","            } catch (errorCaughtBrowser) {","                return module.exports &&","                    typeof process.versions.node === 'string' &&","                    typeof require('http').createServer === 'function' &&","                    'node';","            }","        }());","        // init global","        local.global = local.modeJs === 'browser'","            ? window","            : global;","        // init utility2_rollup","        local = local.global.utility2_rollup || (local.modeJs === 'browser'","            ? local.global.utility2_npmtest_axon","            : global.utility2_moduleExports);","        // export local","        local.global.local = local;","    }());","    switch (local.modeJs) {","","","","    // post-init","    // run browser js-env code - post-init","    /* istanbul ignore next */","    case 'browser':","        local.testRunBrowser = function (event) {","            if (!event || (event &&","                    event.currentTarget &&","                    event.currentTarget.className &&","                    event.currentTarget.className.includes &&","                    event.currentTarget.className.includes('onreset'))) {","                // reset output","                Array.from(","                    document.querySelectorAll('body > .resettable')","                ).forEach(function (element) {","                    switch (element.tagName) {","                    case 'INPUT':","                    case 'TEXTAREA':","                        element.value = '';","                        break;","                    default:","                        element.textContent = '';","                    }","                });","            }","            switch (event && event.currentTarget && event.currentTarget.id) {","            case 'testRunButton1':","                // show tests","                if (document.querySelector('#testReportDiv1').style.display === 'none') {","                    document.querySelector('#testReportDiv1').style.display = 'block';","                    document.querySelector('#testRunButton1').textContent =","                        'hide internal test';","                    local.modeTest = true;","                    local.testRunDefault(local);","                // hide tests","                } else {","                    document.querySelector('#testReportDiv1').style.display = 'none';","                    document.querySelector('#testRunButton1').textContent = 'run internal test';","                }","                break;","            // custom-case","            default:","                break;","            }","            if (document.querySelector('#inputTextareaEval1') && (!event || (event &&","                    event.currentTarget &&","                    event.currentTarget.className &&","                    event.currentTarget.className.includes &&","                    event.currentTarget.className.includes('oneval')))) {","                // try to eval input-code","                try {","                    /*jslint evil: true*/","                    eval(document.querySelector('#inputTextareaEval1').value);","                } catch (errorCaught) {","                    console.error(errorCaught);","                }","            }","        };","        // log stderr and stdout to #outputTextareaStdout1","        ['error', 'log'].forEach(function (key) {","            console[key + '_original'] = console[key];","            console[key] = function () {","                var element;","                console[key + '_original'].apply(console, arguments);","                element = document.querySelector('#outputTextareaStdout1');","                if (!element) {","                    return;","                }","                // append text to #outputTextareaStdout1","                element.value += Array.from(arguments).map(function (arg) {","                    return typeof arg === 'string'","                        ? arg","                        : JSON.stringify(arg, null, 4);","                }).join(' ') + '\\n';","                // scroll textarea to bottom","                element.scrollTop = element.scrollHeight;","            };","        });","        // init event-handling","        ['change', 'click', 'keyup'].forEach(function (event) {","            Array.from(document.querySelectorAll('.on' + event)).forEach(function (element) {","                element.addEventListener(event, local.testRunBrowser);","            });","        });","        // run tests","        local.testRunBrowser();","        break;","","","","    // run node js-env code - post-init","    /* istanbul ignore next */","    case 'node':","        // export local","        module.exports = local;","        // require modules","        local.fs = require('fs');","        local.http = require('http');","        local.url = require('url');","        // init assets","        local.assetsDict = local.assetsDict || {};","        /* jslint-ignore-begin */","        local.assetsDict['/assets.index.template.html'] = '\\","<!doctype html>\\n\\","<html lang=\"en\">\\n\\","<head>\\n\\","<meta charset=\"UTF-8\">\\n\\","<meta name=\"viewport\" content=\"width=device-width, initial-scale=1\">\\n\\","<title>{{env.npm_package_name}} (v{{env.npm_package_version}})</title>\\n\\","<style>\\n\\","/*csslint\\n\\","    box-sizing: false,\\n\\","    universal-selector: false\\n\\","*/\\n\\","* {\\n\\","    box-sizing: border-box;\\n\\","}\\n\\","body {\\n\\","    background: #dde;\\n\\","    font-family: Arial, Helvetica, sans-serif;\\n\\","    margin: 2rem;\\n\\","}\\n\\","body > * {\\n\\","    margin-bottom: 1rem;\\n\\","}\\n\\",".utility2FooterDiv {\\n\\","    margin-top: 20px;\\n\\","    text-align: center;\\n\\","}\\n\\","</style>\\n\\","<style>\\n\\","/*csslint\\n\\","*/\\n\\","textarea {\\n\\","    font-family: monospace;\\n\\","    height: 10rem;\\n\\","    width: 100%;\\n\\","}\\n\\","textarea[readonly] {\\n\\","    background: #ddd;\\n\\","}\\n\\","</style>\\n\\","</head>\\n\\","<body>\\n\\","<!-- utility2-comment\\n\\","<div id=\"ajaxProgressDiv1\" style=\"background: #d00; height: 2px; left: 0; margin: 0; padding: 0; position: fixed; top: 0; transition: background 0.5s, width 1.5s; width: 25%;\"></div>\\n\\","utility2-comment -->\\n\\","<h1>\\n\\","<!-- utility2-comment\\n\\","    <a\\n\\","        {{#if env.npm_package_homepage}}\\n\\","        href=\"{{env.npm_package_homepage}}\"\\n\\","        {{/if env.npm_package_homepage}}\\n\\","        target=\"_blank\"\\n\\","    >\\n\\","utility2-comment -->\\n\\","        {{env.npm_package_name}} (v{{env.npm_package_version}})\\n\\","<!-- utility2-comment\\n\\","    </a>\\n\\","utility2-comment -->\\n\\","</h1>\\n\\","<h3>{{env.npm_package_description}}</h3>\\n\\","<!-- utility2-comment\\n\\","<h4><a download href=\"assets.app.js\">download standalone app</a></h4>\\n\\","<button class=\"onclick onreset\" id=\"testRunButton1\">run internal test</button><br>\\n\\","<div id=\"testReportDiv1\" style=\"display: none;\"></div>\\n\\","utility2-comment -->\\n\\","\\n\\","\\n\\","\\n\\","<label>stderr and stdout</label>\\n\\","<textarea class=\"resettable\" id=\"outputTextareaStdout1\" readonly></textarea>\\n\\","<!-- utility2-comment\\n\\","{{#if isRollup}}\\n\\","<script src=\"assets.app.js\"></script>\\n\\","{{#unless isRollup}}\\n\\","utility2-comment -->\\n\\","<script src=\"assets.utility2.rollup.js\"></script>\\n\\","<script src=\"jsonp.utility2._stateInit?callback=window.utility2._stateInit\"></script>\\n\\","<script src=\"assets.npmtest_axon.rollup.js\"></script>\\n\\","<script src=\"assets.example.js\"></script>\\n\\","<script src=\"assets.test.js\"></script>\\n\\","<!-- utility2-comment\\n\\","{{/if isRollup}}\\n\\","utility2-comment -->\\n\\","<div class=\"utility2FooterDiv\">\\n\\","    [ this app was created with\\n\\","    <a href=\"https://github.com/kaizhu256/node-utility2\" target=\"_blank\">utility2</a>\\n\\","    ]\\n\\","</div>\\n\\","</body>\\n\\","</html>\\n\\","';","        /* jslint-ignore-end */","        if (local.templateRender) {","            local.assetsDict['/'] = local.templateRender(","                local.assetsDict['/assets.index.template.html'],","                {","                    env: local.objectSetDefault(local.env, {","                        npm_package_description: 'the greatest app in the world!',","                        npm_package_name: 'my-app',","                        npm_package_nameAlias: 'my_app',","                        npm_package_version: '0.0.1'","                    })","                }","            );","        } else {","            local.assetsDict['/'] = local.assetsDict['/assets.index.template.html']","                .replace((/\\{\\{env\\.(\\w+?)\\}\\}/g), function (match0, match1) {","                    // jslint-hack","                    String(match0);","                    switch (match1) {","                    case 'npm_package_description':","                        return 'the greatest app in the world!';","                    case 'npm_package_name':","                        return 'my-app';","                    case 'npm_package_nameAlias':","                        return 'my_app';","                    case 'npm_package_version':","                        return '0.0.1';","                    }","                });","        }","        // run the cli","        if (local.global.utility2_rollup || module !== require.main) {","            break;","        }","        local.assetsDict['/assets.example.js'] =","            local.assetsDict['/assets.example.js'] ||","            local.fs.readFileSync(__filename, 'utf8');","        local.assetsDict['/assets.npmtest_axon.rollup.js'] =","            local.assetsDict['/assets.npmtest_axon.rollup.js'] ||","            local.fs.readFileSync(","                // buildCustomOrg-hack","                local.npmtest_axon.__dirname +","                    '/lib.npmtest_axon.js',","                'utf8'","            ).replace((/^#!/), '//');","        local.assetsDict['/favicon.ico'] = local.assetsDict['/favicon.ico'] || '';","        // if $npm_config_timeout_exit exists,","        // then exit this process after $npm_config_timeout_exit ms","        if (Number(process.env.npm_config_timeout_exit)) {","            setTimeout(process.exit, Number(process.env.npm_config_timeout_exit));","        }","        // start server","        if (local.global.utility2_serverHttp1) {","            break;","        }","        process.env.PORT = process.env.PORT || '8081';","        console.error('server starting on port ' + process.env.PORT);","        local.http.createServer(function (request, response) {","            request.urlParsed = local.url.parse(request.url);","            if (local.assetsDict[request.urlParsed.pathname] !== undefined) {","                response.end(local.assetsDict[request.urlParsed.pathname]);","                return;","            }","            response.statusCode = 404;","            response.end();","        }).listen(process.env.PORT);","        break;","    }","}());",""],"l":{"26":2,"28":2,"33":2,"35":2,"37":2,"38":2,"39":2,"44":1,"51":2,"55":2,"59":2,"61":2,"69":1,"70":2,"76":2,"79":2,"82":2,"83":2,"85":1,"89":2,"92":1,"93":1,"94":1,"96":1,"97":1,"100":1,"101":1,"103":1,"106":1,"108":2,"114":1,"116":1,"118":1,"123":1,"124":2,"125":2,"126":2,"127":2,"128":2,"129":2,"130":1,"133":2,"134":2,"139":2,"143":1,"144":3,"145":1,"149":1,"150":1,"158":1,"160":1,"161":1,"162":1,"164":1,"166":1,"258":1,"259":1,"271":1,"274":6,"275":6,"277":1,"279":2,"281":1,"283":2,"288":1,"289":1,"291":1,"294":1,"302":1,"305":1,"306":1,"309":1,"310":1,"312":1,"313":1,"314":1,"315":1,"316":1,"317":1,"318":1,"320":1,"321":1,"323":1}},"/home/travis/build/npmtest/node-npmtest-axon/node_modules/axon/index.js":{"path":"/home/travis/build/npmtest/node-npmtest-axon/node_modules/axon/index.js","s":{"1":1},"b":{},"f":{},"fnMap":{},"statementMap":{"1":{"start":{"line":2,"column":0},"end":{"line":2,"column":34}}},"branchMap":{},"code":["","module.exports = require('./lib');",""],"l":{"2":1}},"/home/travis/build/npmtest/node-npmtest-axon/node_modules/axon/lib/index.js":{"path":"/home/travis/build/npmtest/node-npmtest-axon/node_modules/axon/lib/index.js","s":{"1":1,"2":1,"3":1,"4":1,"5":1,"6":1,"7":1,"8":1,"9":1,"10":1,"11":1,"12":0,"13":0,"14":0,"15":0},"b":{"1":[0,0]},"f":{"1":0},"fnMap":{"1":{"name":"(anonymous_1)","line":40,"loc":{"start":{"line":40,"column":17},"end":{"line":40,"column":40}}}},"statementMap":{"1":{"start":{"line":6,"column":0},"end":{"line":6,"column":60}},"2":{"start":{"line":7,"column":0},"end":{"line":7,"column":60}},"3":{"start":{"line":8,"column":0},"end":{"line":8,"column":47}},"4":{"start":{"line":9,"column":0},"end":{"line":9,"column":47}},"5":{"start":{"line":10,"column":0},"end":{"line":10,"column":45}},"6":{"start":{"line":11,"column":0},"end":{"line":11,"column":45}},"7":{"start":{"line":12,"column":0},"end":{"line":12,"column":45}},"8":{"start":{"line":13,"column":0},"end":{"line":13,"column":45}},"9":{"start":{"line":14,"column":0},"end":{"line":14,"column":43}},"10":{"start":{"line":20,"column":0},"end":{"line":29,"column":2}},"11":{"start":{"line":40,"column":0},"end":{"line":44,"column":2}},"12":{"start":{"line":41,"column":2},"end":{"line":41,"column":31}},"13":{"start":{"line":42,"column":2},"end":{"line":42,"column":65}},"14":{"start":{"line":42,"column":11},"end":{"line":42,"column":65}},"15":{"start":{"line":43,"column":2},"end":{"line":43,"column":25}}},"branchMap":{"1":{"line":42,"type":"if","locations":[{"start":{"line":42,"column":2},"end":{"line":42,"column":2}},{"start":{"line":42,"column":2},"end":{"line":42,"column":2}}]}},"code":["","/**"," * Constructors."," */","","exports.PubEmitterSocket = require('./sockets/pub-emitter');","exports.SubEmitterSocket = require('./sockets/sub-emitter');","exports.PushSocket = require('./sockets/push');","exports.PullSocket = require('./sockets/pull');","exports.PubSocket = require('./sockets/pub');","exports.SubSocket = require('./sockets/sub');","exports.ReqSocket = require('./sockets/req');","exports.RepSocket = require('./sockets/rep');","exports.Socket = require('./sockets/sock');","","/**"," * Socket types."," */","","exports.types = {","  'pub-emitter': exports.PubEmitterSocket,","  'sub-emitter': exports.SubEmitterSocket,","  'push': exports.PushSocket,","  'pull': exports.PullSocket,","  'pub': exports.PubSocket,","  'sub': exports.SubSocket,","  'req': exports.ReqSocket,","  'rep': exports.RepSocket","};","","/**"," * Return a new socket of the given `type`."," *"," * @param {String} type"," * @param {Object} options"," * @return {Socket}"," * @api public"," */","","exports.socket = function(type, options){","  var fn = exports.types[type];","  if (!fn) throw new Error('invalid socket type \"' + type + '\"');","  return new fn(options);","};",""],"l":{"6":1,"7":1,"8":1,"9":1,"10":1,"11":1,"12":1,"13":1,"14":1,"20":1,"40":1,"41":0,"42":0,"43":0}},"/home/travis/build/npmtest/node-npmtest-axon/node_modules/axon/lib/sockets/pub-emitter.js":{"path":"/home/travis/build/npmtest/node-npmtest-axon/node_modules/axon/lib/sockets/pub-emitter.js","s":{"1":1,"2":1,"3":1,"4":0,"5":0,"6":0,"7":0,"8":0},"b":{},"f":{"1":0},"fnMap":{"1":{"name":"PubEmitterSocket","line":20,"loc":{"start":{"line":20,"column":0},"end":{"line":20,"column":28}}}},"statementMap":{"1":{"start":{"line":6,"column":0},"end":{"line":6,"column":33}},"2":{"start":{"line":12,"column":0},"end":{"line":12,"column":34}},"3":{"start":{"line":20,"column":0},"end":{"line":26,"column":1}},"4":{"start":{"line":21,"column":2},"end":{"line":21,"column":28}},"5":{"start":{"line":22,"column":2},"end":{"line":22,"column":45}},"6":{"start":{"line":23,"column":2},"end":{"line":23,"column":45}},"7":{"start":{"line":24,"column":2},"end":{"line":24,"column":51}},"8":{"start":{"line":25,"column":2},"end":{"line":25,"column":47}}},"branchMap":{},"code":["","/**"," * Module dependencies."," */","","var PubSocket = require('./pub');","","/**"," * Expose `SubPubEmitterSocket`."," */","","module.exports = PubEmitterSocket;","","/**"," * Initialzie a new `PubEmitterSocket`."," *"," * @api private"," */","","function PubEmitterSocket() {","  this.sock = new PubSocket;","  this.emit = this.sock.send.bind(this.sock);","  this.bind = this.sock.bind.bind(this.sock);","  this.connect = this.sock.connect.bind(this.sock);","  this.close = this.sock.close.bind(this.sock);","}",""],"l":{"6":1,"12":1,"20":1,"21":0,"22":0,"23":0,"24":0,"25":0}},"/home/travis/build/npmtest/node-npmtest-axon/node_modules/axon/lib/sockets/pub.js":{"path":"/home/travis/build/npmtest/node-npmtest-axon/node_modules/axon/lib/sockets/pub.js","s":{"1":1,"2":1,"3":1,"4":1,"5":0,"6":1,"7":1,"8":0,"9":0,"10":0,"11":0,"12":0,"13":0,"14":0,"15":0,"16":0},"b":{"1":[0,0]},"f":{"1":0,"2":0},"fnMap":{"1":{"name":"PubSocket","line":21,"loc":{"start":{"line":21,"column":0},"end":{"line":21,"column":21}}},"2":{"name":"(anonymous_2)","line":38,"loc":{"start":{"line":38,"column":27},"end":{"line":38,"column":40}}}},"statementMap":{"1":{"start":{"line":6,"column":0},"end":{"line":6,"column":31}},"2":{"start":{"line":7,"column":0},"end":{"line":7,"column":38}},"3":{"start":{"line":13,"column":0},"end":{"line":13,"column":27}},"4":{"start":{"line":21,"column":0},"end":{"line":23,"column":1}},"5":{"start":{"line":22,"column":2},"end":{"line":22,"column":20}},"6":{"start":{"line":29,"column":0},"end":{"line":29,"column":49}},"7":{"start":{"line":38,"column":0},"end":{"line":51,"column":2}},"8":{"start":{"line":39,"column":2},"end":{"line":39,"column":25}},"9":{"start":{"line":40,"column":2},"end":{"line":40,"column":25}},"10":{"start":{"line":41,"column":2},"end":{"line":41,"column":11}},"11":{"start":{"line":43,"column":2},"end":{"line":43,"column":33}},"12":{"start":{"line":45,"column":2},"end":{"line":48,"column":3}},"13":{"start":{"line":46,"column":4},"end":{"line":46,"column":20}},"14":{"start":{"line":47,"column":4},"end":{"line":47,"column":39}},"15":{"start":{"line":47,"column":23},"end":{"line":47,"column":39}},"16":{"start":{"line":50,"column":2},"end":{"line":50,"column":14}}},"branchMap":{"1":{"line":47,"type":"if","locations":[{"start":{"line":47,"column":4},"end":{"line":47,"column":4}},{"start":{"line":47,"column":4},"end":{"line":47,"column":4}}]}},"code":["","/**"," * Module dependencies."," */","","var Socket = require('./sock');","var slice = require('../utils').slice;","","/**"," * Expose `PubSocket`."," */","","module.exports = PubSocket;","","/**"," * Initialize a new `PubSocket`."," *"," * @api private"," */","","function PubSocket() {","  Socket.call(this);","}","","/**"," * Inherits from `Socket.prototype`."," */","","PubSocket.prototype.__proto__ = Socket.prototype;","","/**"," * Send `msg` to all established peers."," *"," * @param {Mixed} msg"," * @api public"," */","","PubSocket.prototype.send = function(msg){","  var socks = this.socks;","  var len = socks.length;","  var sock;","","  var buf = this.pack(arguments);","","  for (var i = 0; i < len; i++) {","    sock = socks[i];","    if (sock.writable) sock.write(buf);","  }","","  return this;","};",""],"l":{"6":1,"7":1,"13":1,"21":1,"22":0,"29":1,"38":1,"39":0,"40":0,"41":0,"43":0,"45":0,"46":0,"47":0,"50":0}},"/home/travis/build/npmtest/node-npmtest-axon/node_modules/axon/lib/sockets/sock.js":{"path":"/home/travis/build/npmtest/node-npmtest-axon/node_modules/axon/lib/sockets/sock.js","s":{"1":1,"2":1,"3":1,"4":1,"5":1,"6":1,"7":1,"8":1,"9":1,"10":1,"11":1,"12":0,"13":0,"14":0,"15":0,"16":0,"17":0,"18":0,"19":1,"20":1,"21":1,"22":0,"23":0,"24":1,"25":0,"26":0,"27":1,"28":0,"29":0,"30":0,"31":1,"32":0,"33":0,"34":0,"35":0,"36":0,"37":1,"38":0,"39":0,"40":0,"41":0,"42":1,"43":0,"44":0,"45":0,"46":0,"47":0,"48":1,"49":0,"50":0,"51":0,"52":0,"53":0,"54":1,"55":0,"56":0,"57":0,"58":0,"59":0,"60":1,"61":0,"62":0,"63":0,"64":0,"65":0,"66":0,"67":0,"68":0,"69":0,"70":1,"71":0,"72":0,"73":0,"74":0,"75":1,"76":0,"77":0,"78":0,"79":0,"80":0,"81":0,"82":0,"83":0,"84":0,"85":0,"86":0,"87":0,"88":0,"89":0,"90":0,"91":0,"92":0,"93":0,"94":0,"95":0,"96":0,"97":0,"98":0,"99":0,"100":0,"101":0,"102":0,"103":0,"104":0,"105":0,"106":0,"107":0,"108":0,"109":0,"110":0,"111":0,"112":0,"113":0,"114":0,"115":0,"116":0,"117":0,"118":0,"119":1,"120":0,"121":0,"122":0,"123":0,"124":0,"125":0,"126":0,"127":0,"128":0,"129":0,"130":1,"131":0,"132":0,"133":0,"134":0,"135":0,"136":0,"137":0,"138":0,"139":0,"140":0,"141":0,"142":0,"143":0,"144":0,"145":0,"146":0,"147":0,"148":0,"149":0,"150":0,"151":0,"152":0,"153":0,"154":0,"155":0,"156":0,"157":0,"158":0,"159":0,"160":0,"161":0,"162":0,"163":0},"b":{"1":[0,0],"2":[0,0],"3":[0,0],"4":[0,0],"5":[0,0],"6":[0,0],"7":[0,0],"8":[0,0],"9":[0,0],"10":[0,0],"11":[0,0],"12":[0,0],"13":[0,0],"14":[0,0],"15":[0,0],"16":[0,0],"17":[0,0],"18":[0,0],"19":[0,0],"20":[0,0],"21":[0,0],"22":[0,0],"23":[0,0],"24":[0,0]},"f":{"1":0,"2":0,"3":0,"4":0,"5":0,"6":0,"7":0,"8":0,"9":0,"10":0,"11":0,"12":0,"13":0,"14":0,"15":0,"16":0,"17":0,"18":0,"19":0,"20":0,"21":0,"22":0,"23":0,"24":0},"fnMap":{"1":{"name":"Socket","line":46,"loc":{"start":{"line":46,"column":0},"end":{"line":46,"column":18}}},"2":{"name":"(anonymous_2)","line":75,"loc":{"start":{"line":75,"column":23},"end":{"line":75,"column":39}}},"3":{"name":"(anonymous_3)","line":88,"loc":{"start":{"line":88,"column":24},"end":{"line":88,"column":38}}},"4":{"name":"(anonymous_4)","line":99,"loc":{"start":{"line":99,"column":32},"end":{"line":99,"column":42}}},"5":{"name":"(anonymous_5)","line":101,"loc":{"start":{"line":101,"column":21},"end":{"line":101,"column":35}}},"6":{"name":"(anonymous_6)","line":116,"loc":{"start":{"line":116,"column":25},"end":{"line":116,"column":37}}},"7":{"name":"(anonymous_7)","line":130,"loc":{"start":{"line":130,"column":31},"end":{"line":130,"column":43}}},"8":{"name":"(anonymous_8)","line":144,"loc":{"start":{"line":144,"column":27},"end":{"line":144,"column":37}}},"9":{"name":"(anonymous_9)","line":158,"loc":{"start":{"line":158,"column":32},"end":{"line":158,"column":46}}},"10":{"name":"(anonymous_10)","line":172,"loc":{"start":{"line":172,"column":29},"end":{"line":172,"column":43}}},"11":{"name":"(anonymous_11)","line":193,"loc":{"start":{"line":193,"column":32},"end":{"line":193,"column":46}}},"12":{"name":"(anonymous_12)","line":195,"loc":{"start":{"line":195,"column":19},"end":{"line":195,"column":32}}},"13":{"name":"(anonymous_13)","line":218,"loc":{"start":{"line":218,"column":29},"end":{"line":218,"column":43}}},"14":{"name":"(anonymous_14)","line":220,"loc":{"start":{"line":220,"column":9},"end":{"line":220,"column":22}}},"15":{"name":"(anonymous_15)","line":240,"loc":{"start":{"line":240,"column":27},"end":{"line":240,"column":51}}},"16":{"name":"(anonymous_16)","line":270,"loc":{"start":{"line":270,"column":19},"end":{"line":270,"column":29}}},"17":{"name":"(anonymous_17)","line":276,"loc":{"start":{"line":276,"column":15},"end":{"line":276,"column":25}}},"18":{"name":"(anonymous_18)","line":285,"loc":{"start":{"line":285,"column":21},"end":{"line":285,"column":31}}},"19":{"name":"(anonymous_19)","line":306,"loc":{"start":{"line":306,"column":29},"end":{"line":306,"column":43}}},"20":{"name":"(anonymous_20)","line":313,"loc":{"start":{"line":313,"column":19},"end":{"line":313,"column":29}}},"21":{"name":"(anonymous_21)","line":337,"loc":{"start":{"line":337,"column":24},"end":{"line":337,"column":48}}},"22":{"name":"(anonymous_22)","line":372,"loc":{"start":{"line":372,"column":28},"end":{"line":372,"column":40}}},"23":{"name":"(anonymous_23)","line":381,"loc":{"start":{"line":381,"column":33},"end":{"line":381,"column":46}}},"24":{"name":"(anonymous_24)","line":390,"loc":{"start":{"line":390,"column":43},"end":{"line":390,"column":54}}}},"statementMap":{"1":{"start":{"line":6,"column":0},"end":{"line":6,"column":45}},"2":{"start":{"line":7,"column":0},"end":{"line":7,"column":43}},"3":{"start":{"line":8,"column":0},"end":{"line":8,"column":42}},"4":{"start":{"line":9,"column":0},"end":{"line":9,"column":37}},"5":{"start":{"line":10,"column":0},"end":{"line":10,"column":35}},"6":{"start":{"line":11,"column":0},"end":{"line":11,"column":25}},"7":{"start":{"line":12,"column":0},"end":{"line":12,"column":25}},"8":{"start":{"line":13,"column":0},"end":{"line":13,"column":23}},"9":{"start":{"line":19,"column":0},"end":{"line":28,"column":2}},"10":{"start":{"line":34,"column":0},"end":{"line":34,"column":24}},"11":{"start":{"line":46,"column":0},"end":{"line":54,"column":1}},"12":{"start":{"line":47,"column":2},"end":{"line":47,"column":21}},"13":{"start":{"line":48,"column":2},"end":{"line":48,"column":18}},"14":{"start":{"line":49,"column":2},"end":{"line":49,"column":21}},"15":{"start":{"line":50,"column":2},"end":{"line":50,"column":28}},"16":{"start":{"line":51,"column":2},"end":{"line":51,"column":44}},"17":{"start":{"line":52,"column":2},"end":{"line":52,"column":33}},"18":{"start":{"line":53,"column":2},"end":{"line":53,"column":38}},"19":{"start":{"line":60,"column":0},"end":{"line":60,"column":47}},"20":{"start":{"line":66,"column":0},"end":{"line":66,"column":31}},"21":{"start":{"line":75,"column":0},"end":{"line":78,"column":2}},"22":{"start":{"line":76,"column":2},"end":{"line":76,"column":15}},"23":{"start":{"line":77,"column":2},"end":{"line":77,"column":14}},"24":{"start":{"line":88,"column":0},"end":{"line":91,"column":2}},"25":{"start":{"line":89,"column":2},"end":{"line":89,"column":30}},"26":{"start":{"line":90,"column":2},"end":{"line":90,"column":24}},"27":{"start":{"line":99,"column":0},"end":{"line":104,"column":2}},"28":{"start":{"line":100,"column":2},"end":{"line":100,"column":67}},"29":{"start":{"line":101,"column":2},"end":{"line":103,"column":5}},"30":{"start":{"line":102,"column":4},"end":{"line":102,"column":19}},"31":{"start":{"line":116,"column":0},"end":{"line":121,"column":2}},"32":{"start":{"line":117,"column":2},"end":{"line":117,"column":33}},"33":{"start":{"line":118,"column":2},"end":{"line":118,"column":22}},"34":{"start":{"line":119,"column":2},"end":{"line":119,"column":22}},"35":{"start":{"line":120,"column":2},"end":{"line":120,"column":40}},"36":{"start":{"line":120,"column":19},"end":{"line":120,"column":40}},"37":{"start":{"line":130,"column":0},"end":{"line":135,"column":2}},"38":{"start":{"line":131,"column":2},"end":{"line":131,"column":40}},"39":{"start":{"line":132,"column":2},"end":{"line":132,"column":57}},"40":{"start":{"line":133,"column":2},"end":{"line":133,"column":22}},"41":{"start":{"line":134,"column":2},"end":{"line":134,"column":13}},"42":{"start":{"line":144,"column":0},"end":{"line":149,"column":2}},"43":{"start":{"line":145,"column":2},"end":{"line":145,"column":27}},"44":{"start":{"line":145,"column":20},"end":{"line":145,"column":27}},"45":{"start":{"line":146,"column":2},"end":{"line":146,"column":35}},"46":{"start":{"line":147,"column":2},"end":{"line":147,"column":58}},"47":{"start":{"line":148,"column":2},"end":{"line":148,"column":14}},"48":{"start":{"line":158,"column":0},"end":{"line":163,"column":2}},"49":{"start":{"line":159,"column":2},"end":{"line":159,"column":35}},"50":{"start":{"line":160,"column":2},"end":{"line":160,"column":18}},"51":{"start":{"line":160,"column":11},"end":{"line":160,"column":18}},"52":{"start":{"line":161,"column":2},"end":{"line":161,"column":45}},"53":{"start":{"line":162,"column":2},"end":{"line":162,"column":26}},"54":{"start":{"line":172,"column":0},"end":{"line":178,"column":2}},"55":{"start":{"line":173,"column":2},"end":{"line":173,"column":26}},"56":{"start":{"line":174,"column":2},"end":{"line":174,"column":36}},"57":{"start":{"line":175,"column":2},"end":{"line":175,"column":42}},"58":{"start":{"line":176,"column":2},"end":{"line":176,"column":20}},"59":{"start":{"line":177,"column":2},"end":{"line":177,"column":42}},"60":{"start":{"line":193,"column":0},"end":{"line":203,"column":2}},"61":{"start":{"line":194,"column":2},"end":{"line":194,"column":18}},"62":{"start":{"line":195,"column":2},"end":{"line":202,"column":5}},"63":{"start":{"line":196,"column":4},"end":{"line":196,"column":61}},"64":{"start":{"line":197,"column":4},"end":{"line":197,"column":35}},"65":{"start":{"line":198,"column":4},"end":{"line":198,"column":28}},"66":{"start":{"line":199,"column":4},"end":{"line":199,"column":67}},"67":{"start":{"line":199,"column":36},"end":{"line":199,"column":67}},"68":{"start":{"line":200,"column":4},"end":{"line":200,"column":48}},"69":{"start":{"line":201,"column":4},"end":{"line":201,"column":36}},"70":{"start":{"line":218,"column":0},"end":{"line":224,"column":2}},"71":{"start":{"line":219,"column":2},"end":{"line":219,"column":18}},"72":{"start":{"line":220,"column":2},"end":{"line":223,"column":4}},"73":{"start":{"line":221,"column":4},"end":{"line":221,"column":31}},"74":{"start":{"line":222,"column":4},"end":{"line":222,"column":56}},"75":{"start":{"line":240,"column":0},"end":{"line":297,"column":2}},"76":{"start":{"line":241,"column":2},"end":{"line":241,"column":18}},"77":{"start":{"line":242,"column":2},"end":{"line":242,"column":78}},"78":{"start":{"line":242,"column":29},"end":{"line":242,"column":78}},"79":{"start":{"line":243,"column":2},"end":{"line":246,"column":3}},"80":{"start":{"line":244,"column":4},"end":{"line":244,"column":14}},"81":{"start":{"line":245,"column":4},"end":{"line":245,"column":21}},"82":{"start":{"line":248,"column":2},"end":{"line":261,"column":3}},"83":{"start":{"line":249,"column":4},"end":{"line":249,"column":27}},"84":{"start":{"line":251,"column":4},"end":{"line":258,"column":5}},"85":{"start":{"line":252,"column":6},"end":{"line":252,"column":16}},"86":{"start":{"line":253,"column":6},"end":{"line":253,"column":21}},"87":{"start":{"line":254,"column":6},"end":{"line":254,"column":27}},"88":{"start":{"line":256,"column":6},"end":{"line":256,"column":40}},"89":{"start":{"line":257,"column":6},"end":{"line":257,"column":37}},"90":{"start":{"line":260,"column":4},"end":{"line":260,"column":29}},"91":{"start":{"line":263,"column":2},"end":{"line":263,"column":42}},"92":{"start":{"line":264,"column":2},"end":{"line":264,"column":28}},"93":{"start":{"line":265,"column":2},"end":{"line":265,"column":20}},"94":{"start":{"line":266,"column":2},"end":{"line":266,"column":23}},"95":{"start":{"line":268,"column":2},"end":{"line":268,"column":26}},"96":{"start":{"line":270,"column":2},"end":{"line":283,"column":5}},"97":{"start":{"line":271,"column":4},"end":{"line":271,"column":36}},"98":{"start":{"line":272,"column":4},"end":{"line":272,"column":27}},"99":{"start":{"line":273,"column":4},"end":{"line":273,"column":28}},"100":{"start":{"line":274,"column":4},"end":{"line":274,"column":48}},"101":{"start":{"line":274,"column":22},"end":{"line":274,"column":48}},"102":{"start":{"line":275,"column":4},"end":{"line":275,"column":56}},"103":{"start":{"line":276,"column":4},"end":{"line":282,"column":14}},"104":{"start":{"line":277,"column":6},"end":{"line":277,"column":50}},"105":{"start":{"line":278,"column":6},"end":{"line":278,"column":37}},"106":{"start":{"line":279,"column":6},"end":{"line":279,"column":21}},"107":{"start":{"line":280,"column":6},"end":{"line":280,"column":31}},"108":{"start":{"line":281,"column":6},"end":{"line":281,"column":58}},"109":{"start":{"line":285,"column":2},"end":{"line":292,"column":5}},"110":{"start":{"line":286,"column":4},"end":{"line":286,"column":35}},"111":{"start":{"line":287,"column":4},"end":{"line":287,"column":26}},"112":{"start":{"line":288,"column":4},"end":{"line":288,"column":25}},"113":{"start":{"line":289,"column":4},"end":{"line":289,"column":43}},"114":{"start":{"line":290,"column":4},"end":{"line":290,"column":31}},"115":{"start":{"line":291,"column":4},"end":{"line":291,"column":15}},"116":{"start":{"line":294,"column":2},"end":{"line":294,"column":59}},"117":{"start":{"line":295,"column":2},"end":{"line":295,"column":27}},"118":{"start":{"line":296,"column":2},"end":{"line":296,"column":14}},"119":{"start":{"line":306,"column":0},"end":{"line":318,"column":2}},"120":{"start":{"line":307,"column":2},"end":{"line":307,"column":18}},"121":{"start":{"line":308,"column":2},"end":{"line":308,"column":56}},"122":{"start":{"line":309,"column":2},"end":{"line":309,"column":41}},"123":{"start":{"line":310,"column":2},"end":{"line":310,"column":23}},"124":{"start":{"line":311,"column":2},"end":{"line":311,"column":26}},"125":{"start":{"line":312,"column":2},"end":{"line":312,"column":29}},"126":{"start":{"line":313,"column":2},"end":{"line":317,"column":5}},"127":{"start":{"line":314,"column":4},"end":{"line":314,"column":47}},"128":{"start":{"line":315,"column":4},"end":{"line":315,"column":34}},"129":{"start":{"line":316,"column":4},"end":{"line":316,"column":28}},"130":{"start":{"line":337,"column":0},"end":{"line":401,"column":2}},"131":{"start":{"line":338,"column":2},"end":{"line":338,"column":18}},"132":{"start":{"line":339,"column":2},"end":{"line":339,"column":78}},"133":{"start":{"line":339,"column":29},"end":{"line":339,"column":78}},"134":{"start":{"line":340,"column":2},"end":{"line":343,"column":3}},"135":{"start":{"line":341,"column":4},"end":{"line":341,"column":14}},"136":{"start":{"line":342,"column":4},"end":{"line":342,"column":21}},"137":{"start":{"line":345,"column":2},"end":{"line":345,"column":25}},"138":{"start":{"line":347,"column":2},"end":{"line":361,"column":3}},"139":{"start":{"line":348,"column":4},"end":{"line":348,"column":27}},"140":{"start":{"line":350,"column":4},"end":{"line":358,"column":5}},"141":{"start":{"line":351,"column":6},"end":{"line":351,"column":16}},"142":{"start":{"line":352,"column":6},"end":{"line":352,"column":21}},"143":{"start":{"line":353,"column":6},"end":{"line":353,"column":27}},"144":{"start":{"line":354,"column":6},"end":{"line":354,"column":24}},"145":{"start":{"line":356,"column":6},"end":{"line":356,"column":40}},"146":{"start":{"line":357,"column":6},"end":{"line":357,"column":37}},"147":{"start":{"line":360,"column":4},"end":{"line":360,"column":29}},"148":{"start":{"line":363,"column":2},"end":{"line":363,"column":23}},"149":{"start":{"line":365,"column":2},"end":{"line":365,"column":60}},"150":{"start":{"line":367,"column":2},"end":{"line":367,"column":48}},"151":{"start":{"line":368,"column":2},"end":{"line":368,"column":60}},"152":{"start":{"line":370,"column":2},"end":{"line":397,"column":3}},"153":{"start":{"line":372,"column":4},"end":{"line":396,"column":7}},"154":{"start":{"line":373,"column":6},"end":{"line":395,"column":7}},"155":{"start":{"line":379,"column":8},"end":{"line":379,"column":44}},"156":{"start":{"line":381,"column":8},"end":{"line":388,"column":11}},"157":{"start":{"line":382,"column":10},"end":{"line":387,"column":11}},"158":{"start":{"line":385,"column":12},"end":{"line":385,"column":28}},"159":{"start":{"line":386,"column":12},"end":{"line":386,"column":47}},"160":{"start":{"line":390,"column":8},"end":{"line":394,"column":11}},"161":{"start":{"line":393,"column":10},"end":{"line":393,"column":18}},"162":{"start":{"line":399,"column":2},"end":{"line":399,"column":37}},"163":{"start":{"line":400,"column":2},"end":{"line":400,"column":14}}},"branchMap":{"1":{"line":120,"type":"if","locations":[{"start":{"line":120,"column":2},"end":{"line":120,"column":2}},{"start":{"line":120,"column":2},"end":{"line":120,"column":2}}]},"2":{"line":134,"type":"binary-expr","locations":[{"start":{"line":134,"column":2},"end":{"line":134,"column":4}},{"start":{"line":134,"column":8},"end":{"line":134,"column":12}}]},"3":{"line":145,"type":"if","locations":[{"start":{"line":145,"column":2},"end":{"line":145,"column":2}},{"start":{"line":145,"column":2},"end":{"line":145,"column":2}}]},"4":{"line":160,"type":"if","locations":[{"start":{"line":160,"column":2},"end":{"line":160,"column":2}},{"start":{"line":160,"column":2},"end":{"line":160,"column":2}}]},"5":{"line":196,"type":"binary-expr","locations":[{"start":{"line":196,"column":36},"end":{"line":196,"column":44}},{"start":{"line":196,"column":48},"end":{"line":196,"column":59}}]},"6":{"line":199,"type":"if","locations":[{"start":{"line":199,"column":4},"end":{"line":199,"column":4}},{"start":{"line":199,"column":4},"end":{"line":199,"column":4}}]},"7":{"line":242,"type":"if","locations":[{"start":{"line":242,"column":2},"end":{"line":242,"column":2}},{"start":{"line":242,"column":2},"end":{"line":242,"column":2}}]},"8":{"line":243,"type":"if","locations":[{"start":{"line":243,"column":2},"end":{"line":243,"column":2}},{"start":{"line":243,"column":2},"end":{"line":243,"column":2}}]},"9":{"line":248,"type":"if","locations":[{"start":{"line":248,"column":2},"end":{"line":248,"column":2}},{"start":{"line":248,"column":2},"end":{"line":248,"column":2}}]},"10":{"line":251,"type":"if","locations":[{"start":{"line":251,"column":4},"end":{"line":251,"column":4}},{"start":{"line":251,"column":4},"end":{"line":251,"column":4}}]},"11":{"line":256,"type":"binary-expr","locations":[{"start":{"line":256,"column":13},"end":{"line":256,"column":26}},{"start":{"line":256,"column":30},"end":{"line":256,"column":39}}]},"12":{"line":260,"type":"binary-expr","locations":[{"start":{"line":260,"column":11},"end":{"line":260,"column":15}},{"start":{"line":260,"column":19},"end":{"line":260,"column":28}}]},"13":{"line":274,"type":"if","locations":[{"start":{"line":274,"column":4},"end":{"line":274,"column":4}},{"start":{"line":274,"column":4},"end":{"line":274,"column":4}}]},"14":{"line":275,"type":"binary-expr","locations":[{"start":{"line":275,"column":16},"end":{"line":275,"column":26}},{"start":{"line":275,"column":30},"end":{"line":275,"column":55}}]},"15":{"line":291,"type":"binary-expr","locations":[{"start":{"line":291,"column":4},"end":{"line":291,"column":6}},{"start":{"line":291,"column":10},"end":{"line":291,"column":14}}]},"16":{"line":339,"type":"if","locations":[{"start":{"line":339,"column":2},"end":{"line":339,"column":2}},{"start":{"line":339,"column":2},"end":{"line":339,"column":2}}]},"17":{"line":340,"type":"if","locations":[{"start":{"line":340,"column":2},"end":{"line":340,"column":2}},{"start":{"line":340,"column":2},"end":{"line":340,"column":2}}]},"18":{"line":347,"type":"if","locations":[{"start":{"line":347,"column":2},"end":{"line":347,"column":2}},{"start":{"line":347,"column":2},"end":{"line":347,"column":2}}]},"19":{"line":350,"type":"if","locations":[{"start":{"line":350,"column":4},"end":{"line":350,"column":4}},{"start":{"line":350,"column":4},"end":{"line":350,"column":4}}]},"20":{"line":356,"type":"binary-expr","locations":[{"start":{"line":356,"column":13},"end":{"line":356,"column":26}},{"start":{"line":356,"column":30},"end":{"line":356,"column":39}}]},"21":{"line":360,"type":"binary-expr","locations":[{"start":{"line":360,"column":11},"end":{"line":360,"column":15}},{"start":{"line":360,"column":19},"end":{"line":360,"column":28}}]},"22":{"line":370,"type":"if","locations":[{"start":{"line":370,"column":2},"end":{"line":370,"column":2}},{"start":{"line":370,"column":2},"end":{"line":370,"column":2}}]},"23":{"line":373,"type":"if","locations":[{"start":{"line":373,"column":6},"end":{"line":373,"column":6}},{"start":{"line":373,"column":6},"end":{"line":373,"column":6}}]},"24":{"line":382,"type":"if","locations":[{"start":{"line":382,"column":10},"end":{"line":382,"column":10}},{"start":{"line":382,"column":10},"end":{"line":382,"column":10}}]}},"code":["","/**"," * Module dependencies."," */","","var Emitter = require('events').EventEmitter;","var Configurable = require('configurable');","var debug = require('debug')('axon:sock');","var Message = require('amp-message');","var Parser = require('amp').Stream;","var url = require('url');","var net = require('net');","var fs = require('fs');","","/**"," * Errors to ignore."," */","","var ignore = [","  'ECONNREFUSED',","  'ECONNRESET',","  'ETIMEDOUT',","  'EHOSTUNREACH',","  'ENETUNREACH',","  'ENETDOWN',","  'EPIPE',","  'ENOENT'","];","","/**"," * Expose `Socket`."," */","","module.exports = Socket;","","/**"," * Initialize a new `Socket`."," *"," * A \"Socket\" encapsulates the ability of being"," * the \"client\" or the \"server\" depending on"," * whether `connect()` or `bind()` was called."," *"," * @api private"," */","","function Socket() {","  this.server = null;","  this.socks = [];","  this.settings = {};","  this.set('hwm', Infinity);","  this.set('identity', String(process.pid));","  this.set('retry timeout', 100);","  this.set('retry max timeout', 5000);","}","","/**"," * Inherit from `Emitter.prototype`."," */","","Socket.prototype.__proto__ = Emitter.prototype;","","/**"," * Make it configurable `.set()` etc."," */","","Configurable(Socket.prototype);","","/**"," * Use the given `plugin`."," *"," * @param {Function} plugin"," * @api private"," */","","Socket.prototype.use = function(plugin){","  plugin(this);","  return this;","};","","/**"," * Creates a new `Message` and write the `args`."," *"," * @param {Array} args"," * @return {Buffer}"," * @api private"," */","","Socket.prototype.pack = function(args){","  var msg = new Message(args);","  return msg.toBuffer();","};","","/**"," * Close all open underlying sockets."," *"," * @api private"," */","","Socket.prototype.closeSockets = function(){","  debug('%s closing %d connections', this.type, this.socks.length);","  this.socks.forEach(function(sock){","    sock.destroy();","  });","};","","/**"," * Close the socket."," *"," * Delegates to the server or clients"," * based on the socket `type`."," *"," * @param {Function} [fn]"," * @api public"," */","","Socket.prototype.close = function(fn){","  debug('%s closing', this.type);","  this.closing = true;","  this.closeSockets();","  if (this.server) this.closeServer(fn);","};","","/**"," * Close the server."," *"," * @param {Function} [fn]"," * @api public"," */","","Socket.prototype.closeServer = function(fn){","  debug('%s closing server', this.type);","  this.server.on('close', this.emit.bind(this, 'close'));","  this.server.close();","  fn && fn();","};","","/**"," * Return the server address."," *"," * @return {Object}"," * @api public"," */","","Socket.prototype.address = function(){","  if (!this.server) return;","  var addr = this.server.address();","  addr.string = 'tcp://' + addr.address + ':' + addr.port;","  return addr;","};","","/**"," * Remove `sock`."," *"," * @param {Socket} sock"," * @api private"," */","","Socket.prototype.removeSocket = function(sock){","  var i = this.socks.indexOf(sock);","  if (!~i) return;","  debug('%s remove socket %d', this.type, i);","  this.socks.splice(i, 1);","};","","/**"," * Add `soc
[...]
ine":61,"column":2},"end":{"line":68,"column":4}},"20":{"start":{"line":62,"column":4},"end":{"line":62,"column":31}},"21":{"start":{"line":63,"column":4},"end":{"line":63,"column":23}},"22":{"start":{"line":64,"column":4},"end":{"line":64,"column":32}},"23":{"start":{"line":65,"column":4},"end":{"line":65,"column":53}},"24":{"start":{"line":65,"column":13},"end":{"line":65,"column":53}},"25":{"start":{"line":66,"column":4},"end":{"line":66,"column":29}},"26":{"start":{"line":67,"column":4},"end":{"line":67,"column":30}},"27":{"start":{"line":79,"column":0},"end":{"line":100,"column":2}},"28":{"start":{"line":80,"column":2},"end":{"line":80,"column":25}},"29":{"start":{"line":81,"column":2},"end":{"line":81,"column":25}},"30":{"start":{"line":82,"column":2},"end":{"line":82,"column":35}},"31":{"start":{"line":83,"column":2},"end":{"line":83,"column":30}},"32":{"start":{"line":85,"column":2},"end":{"line":92,"column":3}},"33":{"start":{"line":86,"column":4},"end":{"line":86,"column":65}},"34":{"start":{"line":87,"column":4},"end":{"line":87,"column":46}},"35":{"start":{"line":87,"column":22},"end":{"line":87,"column":46}},"36":{"start":{"line":88,"column":4},"end":{"line":88,"column":24}},"37":{"start":{"line":89,"column":4},"end":{"line":89,"column":22}},"38":{"start":{"line":90,"column":4},"end":{"line":90,"column":31}},"39":{"start":{"line":91,"column":4},"end":{"line":91,"column":21}},"40":{"start":{"line":94,"column":2},"end":{"line":99,"column":3}},"41":{"start":{"line":95,"column":4},"end":{"line":95,"column":32}},"42":{"start":{"line":97,"column":4},"end":{"line":97,"column":32}},"43":{"start":{"line":98,"column":4},"end":{"line":98,"column":23}}},"branchMap":{"1":{"line":65,"type":"if","locations":[{"start":{"line":65,"column":4},"end":{"line":65,"column":4}},{"start":{"line":65,"column":4},"end":{"line":65,"column":4}}]},"2":{"line":85,"type":"if","locations":[{"start":{"line":85,"column":2},"end":{"line":85,"column":2}},{"start":{"line":85,"column":2},"end":{"line":85,"column":2}}]},"3":{"line":87,"type":"if","locations":[{"start":{"line":87,"column":4},"end":{"line":87,"column":4}},{"start":{"line":87,"column":4},"end":{"line":87,"column":4}}]},"4":{"line":94,"type":"if","locations":[{"start":{"line":94,"column":2},"end":{"line":94,"column":2}},{"start":{"line":94,"column":2},"end":{"line":94,"column":2}}]}},"code":["","/**"," * Module dependencies."," */","","var debug = require('debug')('axon:req');","var queue = require('../plugins/queue');","var slice = require('../utils').slice;","var Message = require('amp-message');","var Socket = require('./sock');","","/**"," * Expose `ReqSocket`."," */","","module.exports = ReqSocket;","","/**"," * Initialize a new `ReqSocket`."," *"," * @api private"," */","","function ReqSocket() {","  Socket.call(this);","  this.n = 0;","  this.ids = 0;","  this.callbacks = {};","  this.identity = this.get('identity');","  this.use(queue());","}","","/**"," * Inherits from `Socket.prototype`."," */","","ReqSocket.prototype.__proto__ = Socket.prototype;","","/**"," * Return a message id."," *"," * @return {String}"," * @api private"," */","","ReqSocket.prototype.id = function(){","  return this.identity + ':' + this.ids++;","};","","/**"," * Emits the \"message\" event with all message parts"," * after the null delimeter part."," *"," * @param {net.Socket} sock"," * @return {Function} closure(msg, multipart)"," * @api private"," */","","ReqSocket.prototype.onmessage = function(){","  var self = this;","  return function(buf){","    var msg = new Message(buf);","    var id = msg.pop();","    var fn = self.callbacks[id];","    if (!fn) return debug('missing callback %s', id);","    fn.apply(null, msg.args);","    delete self.callbacks[id];","  };","};","","/**"," * Sends `msg` to the remote peers. Appends"," * the null message part prior to sending."," *"," * @param {Mixed} msg"," * @api public"," */","","ReqSocket.prototype.send = function(msg){","  var socks = this.socks;","  var len = socks.length;","  var sock = socks[this.n++ % len];","  var args = slice(arguments);","","  if (sock) {","    var hasCallback = 'function' == typeof args[args.length - 1];","    if (!hasCallback) args.push(function(){});","    var fn = args.pop();","    fn.id = this.id();","    this.callbacks[fn.id] = fn;","    args.push(fn.id);","  }","","  if (sock) {","    sock.write(this.pack(args));","  } else {","    debug('no connected peers');","    this.enqueue(args);","  }","};",""],"l":{"6":1,"7":1,"8":1,"9":1,"10":1,"16":1,"24":1,"25":0,"26":0,"27":0,"28":0,"29":0,"30":0,"37":1,"46":1,"47":0,"59":1,"60":0,"61":0,"62":0,"63":0,"64":0,"65":0,"66":0,"67":0,"79":1,"80":0,"81":0,"82":0,"83":0,"85":0,"86":0,"87":0,"88":0,"89":0,"90":0,"91":0,"94":0,"95":0,"97":0,"98":0}},"/home/travis/build/npmtest/node-npmtest-axon/node_modules/axon/lib/sockets/rep.js":{"path":"/home/travis/build/npmtest/node-npmtest-axon/node_modules/axon/lib/sockets/rep.js","s":{"1":1,"2":1,"3":1,"4":1,"5":1,"6":1,"7":0,"8":1,"9":1,"10":0,"11":0,"12":0,"13":0,"14":0,"15":0,"16":0,"17":0,"18":1,"19":0,"20":0,"21":0,"22":0,"23":0,"24":0,"25":0,"26":0,"27":0,"28":0,"29":0,"30":0,"31":0,"32":0,"33":0},"b":{"1":[0,0],"2":[0,0],"3":[0,0]},"f":{"1":0,"2":0,"3":0,"4":0,"5":0,"6":0,"7":0},"fnMap":{"1":{"name":"RepSocket","line":23,"loc":{"start":{"line":23,"column":0},"end":{"line":23,"column":21}}},"2":{"name":"(anonymous_2)","line":41,"loc":{"start":{"line":41,"column":32},"end":{"line":41,"column":46}}},"3":{"name":"(anonymous_3)","line":44,"loc":{"start":{"line":44,"column":9},"end":{"line":44,"column":23}}},"4":{"name":"reply","line":53,"loc":{"start":{"line":53,"column":4},"end":{"line":53,"column":21}}},"5":{"name":"(anonymous_5)","line":54,"loc":{"start":{"line":54,"column":15},"end":{"line":54,"column":25}}},"6":{"name":"(anonymous_6)","line":64,"loc":{"start":{"line":64,"column":36},"end":{"line":64,"column":46}}},"7":{"name":"(anonymous_7)","line":68,"loc":{"start":{"line":68,"column":25},"end":{"line":68,"column":35}}}},"statementMap":{"1":{"start":{"line":6,"column":0},"end":{"line":6,"column":38}},"2":{"start":{"line":7,"column":0},"end":{"line":7,"column":41}},"3":{"start":{"line":8,"column":0},"end":{"line":8,"column":37}},"4":{"start":{"line":9,"column":0},"end":{"line":9,"column":31}},"5":{"start":{"line":15,"column":0},"end":{"line":15,"column":27}},"6":{"start":{"line":23,"column":0},"end":{"line":25,"column":1}},"7":{"start":{"line":24,"column":2},"end":{"line":24,"column":20}},"8":{"start":{"line":31,"column":0},"end":{"line":31,"column":49}},"9":{"start":{"line":41,"column":0},"end":{"line":73,"column":2}},"10":{"start":{"line":42,"column":2},"end":{"line":42,"column":18}},"11":{"start":{"line":44,"column":2},"end":{"line":72,"column":4}},"12":{"start":{"line":45,"column":4},"end":{"line":45,"column":31}},"13":{"start":{"line":46,"column":4},"end":{"line":46,"column":24}},"14":{"start":{"line":48,"column":4},"end":{"line":48,"column":24}},"15":{"start":{"line":49,"column":4},"end":{"line":49,"column":28}},"16":{"start":{"line":50,"column":4},"end":{"line":50,"column":21}},"17":{"start":{"line":51,"column":4},"end":{"line":51,"column":32}},"18":{"start":{"line":53,"column":4},"end":{"line":71,"column":5}},"19":{"start":{"line":54,"column":6},"end":{"line":54,"column":28}},"20":{"start":{"line":55,"column":6},"end":{"line":55,"column":34}},"21":{"start":{"line":56,"column":6},"end":{"line":56,"column":32}},"22":{"start":{"line":58,"column":6},"end":{"line":58,"column":67}},"23":{"start":{"line":59,"column":6},"end":{"line":59,"column":39}},"24":{"start":{"line":59,"column":23},"end":{"line":59,"column":39}},"25":{"start":{"line":61,"column":6},"end":{"line":61,"column":20}},"26":{"start":{"line":63,"column":6},"end":{"line":70,"column":7}},"27":{"start":{"line":64,"column":8},"end":{"line":64,"column":60}},"28":{"start":{"line":64,"column":48},"end":{"line":64,"column":57}},"29":{"start":{"line":65,"column":8},"end":{"line":65,"column":20}},"30":{"start":{"line":67,"column":8},"end":{"line":67,"column":32}},"31":{"start":{"line":68,"column":8},"end":{"line":68,"column":50}},"32":{"start":{"line":68,"column":37},"end":{"line":68,"column":47}},"33":{"start":{"line":69,"column":8},"end":{"line":69,"column":21}}},"branchMap":{"1":{"line":56,"type":"binary-expr","locations":[{"start":{"line":56,"column":16},"end":{"line":56,"column":23}},{"start":{"line":56,"column":27},"end":{"line":56,"column":31}}]},"2":{"line":59,"type":"if","locations":[{"start":{"line":59,"column":6},"end":{"line":59,"column":6}},{"start":{"line":59,"column":6},"end":{"line":59,"column":6}}]},"3":{"line":63,"type":"if","locations":[{"start":{"line":63,"column":6},"end":{"line":63,"column":6}},{"start":{"line":63,"column":6},"end":{"line":63,"column":6}}]}},"code":["","/**"," * Module dependencies."," */","","var slice = require('../utils').slice;","var debug = require('debug')('axon:rep');","var Message = require('amp-message');","var Socket = require('./sock');","","/**"," * Expose `RepSocket`."," */","","module.exports = RepSocket;","","/**"," * Initialize a new `RepSocket`."," *"," * @api private"," */","","function RepSocket() {","  Socket.call(this);","}","","/**"," * Inherits from `Socket.prototype`."," */","","RepSocket.prototype.__proto__ = Socket.prototype;","","/**"," * Incoming."," *"," * @param {net.Socket} sock"," * @return {Function} closure(msg, mulitpart)"," * @api private"," */","","RepSocket.prototype.onmessage = function(sock){","  var self = this;","","  return function (buf){","    var msg = new Message(buf);","    var args = msg.args;","","    var id = args.pop();","    args.unshift('message');","    args.push(reply);","    self.emit.apply(self, args);","","    function reply() {","      var fn = function(){};","      var args = slice(arguments);","      args[0] = args[0] || null;","","      var hasCallback = 'function' == typeof args[args.length - 1];","      if (hasCallback) fn = args.pop();","","      args.push(id);","","      if (sock.writable) {","        sock.write(self.pack(args), function(){ fn(true) });","        return true;","      } else {","        debug('peer went away');","        process.nextTick(function(){ fn(false) });","        return false;","      }","    }","  };","};","","",""],"l":{"6":1,"7":1,"8":1,"9":1,"15":1,"23":1,"24":0,"31":1,"41":1,"42":0,"44":0,"45":0,"46":0,"48":0,"49":0,"50":0,"51":0,"53":1,"54":0,"55":0,"56":0,"58":0,"59":0,"61":0,"63":0,"64":0,"65":0,"67":0,"68":0,"69":0}},"/home/travis/build/npmtest/node-npmtest-axon/node_modules/axon/benchmark/pub.js":{"path":"/home/travis/build/npmtest/node-npmtest-axon/node_modules/axon/benchmark/pub.js","s":{"1":2,"2":0,"3":0,"4":0,"5":0,"6":0,"7":0,"8":0,"9":0,"10":0,"11":1,"12":0,"13":0,"14":0,"15":0},"b":{"1":[0,0],"2":[0,0]},"f":{"1":0},"fnMap":{"1":{"name":"more","line":22,"loc":{"start":{"line":22,"column":0},"end":{"line":22,"column":16}}}},"statementMap":{"1":{"start":{"line":2,"column":0},"end":{"line":3,"column":35}},"2":{"start":{"line":5,"column":0},"end":{"line":10,"column":22}},"3":{"start":{"line":12,"column":0},"end":{"line":12,"column":35}},"4":{"start":{"line":13,"column":0},"end":{"line":13,"column":16}},"5":{"start":{"line":14,"column":0},"end":{"line":14,"column":36}},"6":{"start":{"line":15,"column":0},"end":{"line":15,"column":25}},"7":{"start":{"line":17,"column":0},"end":{"line":17,"column":38}},"8":{"start":{"line":18,"column":0},"end":{"line":18,"column":60}},"9":{"start":{"line":19,"column":0},"end":{"line":19,"column":44}},"10":{"start":{"line":20,"column":0},"end":{"line":20,"column":52}},"11":{"start":{"line":22,"column":0},"end":{"line":25,"column":1}},"12":{"start":{"line":23,"column":2},"end":{"line":23,"column":51}},"13":{"start":{"line":23,"column":36},"end":{"line":23,"column":51}},"14":{"start":{"line":24,"column":2},"end":{"line":24,"column":21}},"15":{"start":{"line":27,"column":0},"end":{"line":27,"column":7}}},"branchMap":{"1":{"line":17,"type":"binary-expr","locations":[{"start":{"line":17,"column":14},"end":{"line":17,"column":29}},{"start":{"line":17,"column":33},"end":{"line":17,"column":37}}]},"2":{"line":18,"type":"binary-expr","locations":[{"start":{"line":18,"column":27},"end":{"line":18,"column":39}},{"start":{"line":18,"column":43},"end":{"line":18,"column":47}}]}},"code":["","var ss = require('..')","  , program = require('commander');","","program","  .option('-T, --type <name>', 'socket type [pub]', 'pub')","  .option('-t, --per-tick <n>', 'messages per tick [1000]', parseInt)","  .option('-s, --size <n>', 'message size in bytes [1024]', parseInt)","  .option('-d, --duration <n>', 'duration of test [5000]', parseInt)","  .parse(process.argv)","","var sock = ss.socket(program.type);","sock.bind(3000);","sock.on('disconnect', process.exit);","console.log('pub bound');","","var perTick = program.perTick || 1000;","var buf = new Buffer(Array(program.size || 1024).join('a'));","console.log('sending %d per tick', perTick);","console.log('sending %d byte messages', buf.length);","","function more() {","  for (var i = 0; i < perTick; ++i) sock.send(buf);","  setImmediate(more);","}","","more();",""],"l":{"2":2,"5":0,"12":0,"13":0,"14":0,"15":0,"17":0,"18":0,"19":0,"20":0,"22":1,"23":0,"24":0,"27":0}},"/home/travis/build/npmtest/node-npmtest-axon/node_modules/axon/benchmark/sub.js":{"path":"/home/travis/build/npmtest/node-npmtest-axon/node_modules/axon/benchmark/sub.js","s":{"1":2,"2":0,"3":0,"4":0,"5":0,"6":0,"7":0,"8":0,"9":0,"10":0,"11":0,"12":0,"13":0,"14":0,"15":0,"16":0,"17":0,"18":0,"19":1,"20":0,"21":0,"22":1,"23":0,"24":0,"25":1,"26":0,"27":0,"28":1,"29":0,"30":0,"31":0,"32":0,"33":0,"34":0,"35":0,"36":0,"37":0,"38":0,"39":0,"40":0},"b":{"1":[0,0],"2":[0,0],"3":[0,0],"4":[0,0]},"f":{"1":0,"2":0,"3":0,"4":0,"5":0,"6":0,"7":0},"fnMap":{"1":{"name":"(anonymous_1)","line":23,"loc":{"start":{"line":23,"column":19},"end":{"line":23,"column":32}}},"2":{"name":"sum","line":34,"loc":{"start":{"line":34,"column":0},"end":{"line":34,"column":18}}},"3":{"name":"(anonymous_3)","line":35,"loc":{"start":{"line":35,"column":20},"end":{"line":35,"column":36}}},"4":{"name":"min","line":40,"loc":{"start":{"line":40,"column":0},"end":{"line":40,"column":18}}},"5":{"name":"(anonymous_5)","line":41,"loc":{"start":{"line":41,"column":20},"end":{"line":41,"column":36}}},"6":{"name":"median","line":48,"loc":{"start":{"line":48,"column":0},"end":{"line":48,"column":21}}},"7":{"name":"done","line":53,"loc":{"start":{"line":53,"column":0},"end":{"line":53,"column":15}}}},"statementMap":{"1":{"start":{"line":2,"column":0},"end":{"line":4,"column":42}},"2":{"start":{"line":6,"column":0},"end":{"line":10,"column":22}},"3":{"start":{"line":12,"column":0},"end":{"line":12,"column":35}},"4":{"start":{"line":13,"column":0},"end":{"line":13,"column":19}},"5":{"start":{"line":15,"column":0},"end":{"line":15,"column":10}},"6":{"start":{"line":16,"column":0},"end":{"line":16,"column":15}},"7":{"start":{"line":17,"column":0},"end":{"line":17,"column":33}},"8":{"start":{"line":18,"column":0},"end":{"line":18,"column":30}},"9":{"start":{"line":19,"column":0},"end":{"line":19,"column":17}},"10":{"start":{"line":21,"column":0},"end":{"line":21,"column":14}},"11":{"start":{"line":23,"column":0},"end":{"line":32,"column":3}},"12":{"start":{"line":24,"column":2},"end":{"line":31,"column":3}},"13":{"start":{"line":25,"column":4},"end":{"line":25,"column":31}},"14":{"start":{"line":26,"column":4},"end":{"line":26,"column":24}},"15":{"start":{"line":27,"column":4},"end":{"line":27,"column":31}},"16":{"start":{"line":28,"column":4},"end":{"line":28,"column":25}},"17":{"start":{"line":29,"column":4},"end":{"line":29,"column":67}},"18":{"start":{"line":30,"column":4},"end":{"line":30,"column":22}},"19":{"start":{"line":34,"column":0},"end":{"line":38,"column":1}},"20":{"start":{"line":35,"column":2},"end":{"line":37,"column":5}},"21":{"start":{"line":36,"column":4},"end":{"line":36,"column":19}},"22":{"start":{"line":40,"column":0},"end":{"line":46,"column":1}},"23":{"start":{"line":41,"column":2},"end":{"line":45,"column":5}},"24":{"start":{"line":42,"column":4},"end":{"line":44,"column":12}},"25":{"start":{"line":48,"column":0},"end":{"line":51,"column":1}},"26":{"start":{"line":49,"column":2},"end":{"line":49,"column":19}},"27":{"start":{"line":50,"column":2},"end":{"line":50,"column":33}},"28":{"start":{"line":53,"column":0},"end":{"line":64,"column":1}},"29":{"start":{"line":54,"column":2},"end":{"line":54,"column":30}},"30":{"start":{"line":55,"column":2},"end":{"line":55,"column":28}},"31":{"start":{"line":56,"column":2},"end":{"line":56,"column":20}},"32":{"start":{"line":57,"column":2},"end":{"line":57,"column":61}},"33":{"start":{"line":58,"column":2},"end":{"line":58,"column":56}},"34":{"start":{"line":59,"column":2},"end":{"line":59,"column":64}},"35":{"start":{"line":60,"column":2},"end":{"line":60,"column":66}},"36":{"start":{"line":61,"column":2},"end":{"line":61,"column":78}},"37":{"start":{"line":62,"column":2},"end":{"line":62,"column":16}},"38":{"start":{"line":63,"column":2},"end":{"line":63,"column":17}},"39":{"start":{"line":66,"column":0},"end":{"line":66,"column":27}},"40":{"start":{"line":67,"column":0},"end":{"line":67,"column":43}}},"branchMap":{"1":{"line":17,"type":"binary-expr","locations":[{"start":{"line":17,"column":12},"end":{"line":17,"column":24}},{"start":{"line":17,"column":28},"end":{"line":17,"column":32}}]},"2":{"line":24,"type":"if","locations":[{"start":{"line":24,"column":2},"end":{"line":24,"column":2}},{"start":{"line":24,"column":2},"end":{"line":24,"column":2}}]},"3":{"line":42,"type":"cond-expr","locations":[{"start":{"line":43,"column":8},"end":{"line":43,"column":9}},{"start":{"line":44,"column":8},"end":{"line":44,"column":11}}]},"4":{"line":67,"type":"binary-expr","locations":[{"start":{"line":67,"column":17},"end":{"line":67,"column":33}},{"start":{"line":67,"column":37},"end":{"line":67,"column":41}}]}},"code":["","var ss = require('..')","  , program = require('commander')","  , humanize = require('humanize-number');","","program","  .option('-T, --type <name>', 'socket type [sub]', 'sub')","  .option('-s, --size <n>', 'message size in bytes [1024]', parseInt)","  .option('-d, --duration <n>', 'duration of test [5000]', parseInt)","  .parse(process.argv)","","var sock = ss.socket(program.type);","sock.connect(3000);","","var n = 0;","var ops = 5000;","var bytes = program.size || 1024;","var prev = start = Date.now();","var results = [];","","console.log();","","sock.on('message', function(msg){","  if (n++ % ops == 0) {","    var ms = Date.now() - prev;","    var sec = ms / 1000;","    var persec = ops / sec | 0;","    results.push(persec);","    process.stdout.write('\\r  [' + persec + ' ops/s] [' + n + ']');","    prev = Date.now();","  }","});","","function sum(arr) {","  return arr.reduce(function(sum, n){","    return sum + n;","  });","}","","function min(arr) {","  return arr.reduce(function(min, n){","    return n < min","      ? n","      : min;","  });","}","","function median(arr) {","  arr = arr.sort();","  return arr[arr.length / 2 | 0];","}","","function done(){","  var ms = Date.now() - start;","  var avg = n / (ms / 1000);","  console.log('\\n');","  console.log('      min: %s ops/s', humanize(min(results)));","  console.log('     mean: %s ops/s', humanize(avg | 0));","  console.log('   median: %s ops/s', humanize(median(results)));","  console.log('    total: %s ops in %ds', humanize(n), ms / 1000);","  console.log('  through: %d mb/s', ((avg * bytes) / 1024 / 1024).toFixed(2));","  console.log();","  process.exit();","}","","process.on('SIGINT', done);","setTimeout(done, program.duration || 5000);",""],"l":{"2":2,"6":0,"12":0,"13":0,"15":0,"16":0,"17":0,"18":0,"19":0,"21":0,"23":0,"24":0,"25":0,"26":0,"27":0,"28":0,"29":0,"30":0,"34":1,"35":0,"36":0,"40":1,"41":0,"42":0,"48":1,"49":0,"50":0,"53":1,"54":0,"55":0,"56":0,"57":0,"58":0,"59":0,"60":0,"61":0,"62":0,"63":0,"66":0,"67":0}}}